   0  $accept : Program $end

   1  Program : ClassList

   2  ClassList : ClassList ClassDef
   3            | ClassDef

   4  VariableDef : Variable ';'

   5  Variable : Type IDENTIFIER

   6  Type : INT
   7       | VOID
   8       | BOOL
   9       | STRING
  10       | CLASS IDENTIFIER
  11       | Type '[' ']'

  12  ClassDef : CLASS IDENTIFIER ExtendsClause '{' FieldList '}'
  13           | SEALED CLASS IDENTIFIER ExtendsClause '{' FieldList '}'

  14  ExtendsClause : EXTENDS IDENTIFIER
  15                |

  16  FieldList : FieldList VariableDef
  17            | FieldList FunctionDef
  18            |

  19  Formals : VariableList
  20          |

  21  VariableList : VariableList ',' Variable
  22               | Variable

  23  FunctionDef : STATIC Type IDENTIFIER '(' Formals ')' StmtBlock
  24              | Type IDENTIFIER '(' Formals ')' StmtBlock

  25  StmtBlock : '{' StmtList '}'

  26  StmtList : StmtList Stmt
  27           |

  28  Stmt : VariableDef
  29       | SimpleStmt ';'
  30       | IfStmt
  31       | WhileStmt
  32       | ForStmt
  33       | ReturnStmt ';'
  34       | PrintStmt ';'
  35       | BreakStmt ';'
  36       | StmtBlock
  37       | OCStmt

  38  SimpleStmt : LValue '=' Expr
  39             | Call
  40             |

  41  Receiver : Expr '.'
  42           |

  43  LValue : Receiver IDENTIFIER
  44         | Expr '[' Expr ']'
  45         | VAR IDENTIFIER

  46  Call : Receiver IDENTIFIER '(' Actuals ')'

  47  Expr : LValue
  48       | Call
  49       | Constant
  50       | Expr '+' Expr
  51       | Expr '-' Expr
  52       | Expr '*' Expr
  53       | Expr '/' Expr
  54       | Expr '%' Expr
  55       | Expr EQUAL Expr
  56       | Expr NOT_EQUAL Expr
  57       | Expr '<' Expr
  58       | Expr '>' Expr
  59       | Expr LESS_EQUAL Expr
  60       | Expr GREATER_EQUAL Expr
  61       | Expr AND Expr
  62       | Expr OR Expr
  63       | '(' Expr ')'
  64       | '-' Expr
  65       | '!' Expr
  66       | READ_INTEGER '(' ')'
  67       | READ_LINE '(' ')'
  68       | THIS
  69       | NEW IDENTIFIER '(' ')'
  70       | NEW Type '[' Expr ']'
  71       | INSTANCEOF '(' Expr ',' IDENTIFIER ')'
  72       | '(' CLASS IDENTIFIER ')' Expr
  73       | Expr ARRAYREPEAT Constant
  74       | Expr CONCAT Expr
  75       | Expr '[' Expr SUBARRAY Expr ']'
  76       | Expr '[' Expr ']' DEFAULT Expr

  77  Constant : LITERAL
  78           | NULL

  79  Actuals : ExprList
  80          |

  81  ExprList : ExprList ',' Expr
  82           | Expr

  83  WhileStmt : WHILE '(' Expr ')' Stmt

  84  ForStmt : FOR '(' SimpleStmt ';' Expr ';' SimpleStmt ')' Stmt

  85  BreakStmt : BREAK

  86  IfStmt : IF '(' Expr ')' Stmt ElseClause

  87  ElseClause : ELSE Stmt
  88             |

  89  ReturnStmt : RETURN Expr
  90             | RETURN

  91  PrintStmt : PRINT '(' ExprList ')'

  92  OCStmt : SCOPY '(' IDENTIFIER ',' Expr ')'

state 0
	$accept : . Program $end  (0)

	CLASS  shift 1
	SEALED  shift 2
	.  error

	Program  goto 3
	ClassList  goto 4
	ClassDef  goto 5


state 1
	ClassDef : CLASS . IDENTIFIER ExtendsClause '{' FieldList '}'  (12)

	IDENTIFIER  shift 6
	.  error


state 2
	ClassDef : SEALED . CLASS IDENTIFIER ExtendsClause '{' FieldList '}'  (13)

	CLASS  shift 7
	.  error


state 3
	$accept : Program . $end  (0)

	$end  accept


state 4
	Program : ClassList .  (1)
	ClassList : ClassList . ClassDef  (2)

	CLASS  shift 1
	SEALED  shift 2
	$end  reduce 1

	ClassDef  goto 8


state 5
	ClassList : ClassDef .  (3)

	.  reduce 3


state 6
	ClassDef : CLASS IDENTIFIER . ExtendsClause '{' FieldList '}'  (12)
	ExtendsClause : .  (15)

	EXTENDS  shift 9
	'{'  reduce 15

	ExtendsClause  goto 10


state 7
	ClassDef : SEALED CLASS . IDENTIFIER ExtendsClause '{' FieldList '}'  (13)

	IDENTIFIER  shift 11
	.  error


state 8
	ClassList : ClassList ClassDef .  (2)

	.  reduce 2


state 9
	ExtendsClause : EXTENDS . IDENTIFIER  (14)

	IDENTIFIER  shift 12
	.  error


state 10
	ClassDef : CLASS IDENTIFIER ExtendsClause . '{' FieldList '}'  (12)

	'{'  shift 13
	.  error


state 11
	ClassDef : SEALED CLASS IDENTIFIER . ExtendsClause '{' FieldList '}'  (13)
	ExtendsClause : .  (15)

	EXTENDS  shift 9
	'{'  reduce 15

	ExtendsClause  goto 14


state 12
	ExtendsClause : EXTENDS IDENTIFIER .  (14)

	.  reduce 14


state 13
	ClassDef : CLASS IDENTIFIER ExtendsClause '{' . FieldList '}'  (12)
	FieldList : .  (18)

	.  reduce 18

	FieldList  goto 15


state 14
	ClassDef : SEALED CLASS IDENTIFIER ExtendsClause . '{' FieldList '}'  (13)

	'{'  shift 16
	.  error


state 15
	ClassDef : CLASS IDENTIFIER ExtendsClause '{' FieldList . '}'  (12)
	FieldList : FieldList . VariableDef  (16)
	FieldList : FieldList . FunctionDef  (17)

	VOID  shift 17
	BOOL  shift 18
	INT  shift 19
	STRING  shift 20
	CLASS  shift 21
	STATIC  shift 22
	'}'  shift 23
	.  error

	VariableDef  goto 24
	Variable  goto 25
	Type  goto 26
	FunctionDef  goto 27


state 16
	ClassDef : SEALED CLASS IDENTIFIER ExtendsClause '{' . FieldList '}'  (13)
	FieldList : .  (18)

	.  reduce 18

	FieldList  goto 28


state 17
	Type : VOID .  (7)

	.  reduce 7


state 18
	Type : BOOL .  (8)

	.  reduce 8


state 19
	Type : INT .  (6)

	.  reduce 6


state 20
	Type : STRING .  (9)

	.  reduce 9


state 21
	Type : CLASS . IDENTIFIER  (10)

	IDENTIFIER  shift 29
	.  error


state 22
	FunctionDef : STATIC . Type IDENTIFIER '(' Formals ')' StmtBlock  (23)

	VOID  shift 17
	BOOL  shift 18
	INT  shift 19
	STRING  shift 20
	CLASS  shift 21
	.  error

	Type  goto 30


state 23
	ClassDef : CLASS IDENTIFIER ExtendsClause '{' FieldList '}' .  (12)

	.  reduce 12


state 24
	FieldList : FieldList VariableDef .  (16)

	.  reduce 16


state 25
	VariableDef : Variable . ';'  (4)

	';'  shift 31
	.  error


state 26
	Variable : Type . IDENTIFIER  (5)
	Type : Type . '[' ']'  (11)
	FunctionDef : Type . IDENTIFIER '(' Formals ')' StmtBlock  (24)

	IDENTIFIER  shift 32
	'['  shift 33
	.  error


state 27
	FieldList : FieldList FunctionDef .  (17)

	.  reduce 17


state 28
	ClassDef : SEALED CLASS IDENTIFIER ExtendsClause '{' FieldList . '}'  (13)
	FieldList : FieldList . VariableDef  (16)
	FieldList : FieldList . FunctionDef  (17)

	VOID  shift 17
	BOOL  shift 18
	INT  shift 19
	STRING  shift 20
	CLASS  shift 21
	STATIC  shift 22
	'}'  shift 34
	.  error

	VariableDef  goto 24
	Variable  goto 25
	Type  goto 26
	FunctionDef  goto 27


state 29
	Type : CLASS IDENTIFIER .  (10)

	.  reduce 10


state 30
	Type : Type . '[' ']'  (11)
	FunctionDef : STATIC Type . IDENTIFIER '(' Formals ')' StmtBlock  (23)

	IDENTIFIER  shift 35
	'['  shift 33
	.  error


state 31
	VariableDef : Variable ';' .  (4)

	.  reduce 4


state 32
	Variable : Type IDENTIFIER .  (5)
	FunctionDef : Type IDENTIFIER . '(' Formals ')' StmtBlock  (24)

	'('  shift 36
	';'  reduce 5


state 33
	Type : Type '[' . ']'  (11)

	']'  shift 37
	.  error


state 34
	ClassDef : SEALED CLASS IDENTIFIER ExtendsClause '{' FieldList '}' .  (13)

	.  reduce 13


state 35
	FunctionDef : STATIC Type IDENTIFIER . '(' Formals ')' StmtBlock  (23)

	'('  shift 38
	.  error


state 36
	FunctionDef : Type IDENTIFIER '(' . Formals ')' StmtBlock  (24)
	Formals : .  (20)

	VOID  shift 17
	BOOL  shift 18
	INT  shift 19
	STRING  shift 20
	CLASS  shift 21
	')'  reduce 20

	Variable  goto 39
	Type  goto 40
	Formals  goto 41
	VariableList  goto 42


state 37
	Type : Type '[' ']' .  (11)

	.  reduce 11


state 38
	FunctionDef : STATIC Type IDENTIFIER '(' . Formals ')' StmtBlock  (23)
	Formals : .  (20)

	VOID  shift 17
	BOOL  shift 18
	INT  shift 19
	STRING  shift 20
	CLASS  shift 21
	')'  reduce 20

	Variable  goto 39
	Type  goto 40
	Formals  goto 43
	VariableList  goto 42


state 39
	VariableList : Variable .  (22)

	.  reduce 22


state 40
	Variable : Type . IDENTIFIER  (5)
	Type : Type . '[' ']'  (11)

	IDENTIFIER  shift 44
	'['  shift 33
	.  error


state 41
	FunctionDef : Type IDENTIFIER '(' Formals . ')' StmtBlock  (24)

	')'  shift 45
	.  error


state 42
	Formals : VariableList .  (19)
	VariableList : VariableList . ',' Variable  (21)

	','  shift 46
	')'  reduce 19


state 43
	FunctionDef : STATIC Type IDENTIFIER '(' Formals . ')' StmtBlock  (23)

	')'  shift 47
	.  error


state 44
	Variable : Type IDENTIFIER .  (5)

	.  reduce 5


state 45
	FunctionDef : Type IDENTIFIER '(' Formals ')' . StmtBlock  (24)

	'{'  shift 48
	.  error

	StmtBlock  goto 49


state 46
	VariableList : VariableList ',' . Variable  (21)

	VOID  shift 17
	BOOL  shift 18
	INT  shift 19
	STRING  shift 20
	CLASS  shift 21
	.  error

	Variable  goto 50
	Type  goto 40


state 47
	FunctionDef : STATIC Type IDENTIFIER '(' Formals ')' . StmtBlock  (23)

	'{'  shift 48
	.  error

	StmtBlock  goto 51


state 48
	StmtBlock : '{' . StmtList '}'  (25)
	StmtList : .  (27)

	.  reduce 27

	StmtList  goto 52


state 49
	FunctionDef : Type IDENTIFIER '(' Formals ')' StmtBlock .  (24)

	.  reduce 24


state 50
	VariableList : VariableList ',' Variable .  (21)

	.  reduce 21


state 51
	FunctionDef : STATIC Type IDENTIFIER '(' Formals ')' StmtBlock .  (23)

	.  reduce 23


state 52
	StmtBlock : '{' StmtList . '}'  (25)
	StmtList : StmtList . Stmt  (26)
	SimpleStmt : .  (40)
	Receiver : .  (42)

	VOID  shift 17
	BOOL  shift 18
	INT  shift 19
	STRING  shift 20
	CLASS  shift 21
	NULL  shift 53
	THIS  shift 54
	WHILE  shift 55
	FOR  shift 56
	IF  shift 57
	RETURN  shift 58
	BREAK  shift 59
	NEW  shift 60
	PRINT  shift 61
	READ_INTEGER  shift 62
	READ_LINE  shift 63
	LITERAL  shift 64
	INSTANCEOF  shift 65
	VAR  shift 66
	'-'  shift 67
	'!'  shift 68
	'('  shift 69
	'{'  shift 48
	'}'  shift 70
	SCOPY  shift 71
	IDENTIFIER  reduce 42
	';'  reduce 40

	VariableDef  goto 72
	Variable  goto 25
	Type  goto 40
	StmtBlock  goto 73
	Stmt  goto 74
	SimpleStmt  goto 75
	IfStmt  goto 76
	WhileStmt  goto 77
	ForStmt  goto 78
	ReturnStmt  goto 79
	PrintStmt  goto 80
	BreakStmt  goto 81
	OCStmt  goto 82
	LValue  goto 83
	Expr  goto 84
	Call  goto 85
	Receiver  goto 86
	Constant  goto 87


state 53
	Constant : NULL .  (78)

	.  reduce 78


state 54
	Expr : THIS .  (68)

	.  reduce 68


state 55
	WhileStmt : WHILE . '(' Expr ')' Stmt  (83)

	'('  shift 88
	.  error


state 56
	ForStmt : FOR . '(' SimpleStmt ';' Expr ';' SimpleStmt ')' Stmt  (84)

	'('  shift 89
	.  error


state 57
	IfStmt : IF . '(' Expr ')' Stmt ElseClause  (86)

	'('  shift 90
	.  error


state 58
	ReturnStmt : RETURN . Expr  (89)
	ReturnStmt : RETURN .  (90)
	Receiver : .  (42)

	NULL  shift 53
	THIS  shift 54
	NEW  shift 60
	READ_INTEGER  shift 62
	READ_LINE  shift 63
	LITERAL  shift 64
	INSTANCEOF  shift 65
	VAR  shift 66
	'-'  shift 67
	'!'  shift 68
	'('  shift 69
	IDENTIFIER  reduce 42
	';'  reduce 90

	LValue  goto 91
	Expr  goto 92
	Call  goto 93
	Receiver  goto 86
	Constant  goto 87


state 59
	BreakStmt : BREAK .  (85)

	.  reduce 85


state 60
	Expr : NEW . IDENTIFIER '(' ')'  (69)
	Expr : NEW . Type '[' Expr ']'  (70)

	VOID  shift 17
	BOOL  shift 18
	INT  shift 19
	STRING  shift 20
	CLASS  shift 21
	IDENTIFIER  shift 94
	.  error

	Type  goto 95


state 61
	PrintStmt : PRINT . '(' ExprList ')'  (91)

	'('  shift 96
	.  error


state 62
	Expr : READ_INTEGER . '(' ')'  (66)

	'('  shift 97
	.  error


state 63
	Expr : READ_LINE . '(' ')'  (67)

	'('  shift 98
	.  error


state 64
	Constant : LITERAL .  (77)

	.  reduce 77


state 65
	Expr : INSTANCEOF . '(' Expr ',' IDENTIFIER ')'  (71)

	'('  shift 99
	.  error


state 66
	LValue : VAR . IDENTIFIER  (45)

	IDENTIFIER  shift 100
	.  error


state 67
	Expr : '-' . Expr  (64)
	Receiver : .  (42)

	NULL  shift 53
	THIS  shift 54
	NEW  shift 60
	READ_INTEGER  shift 62
	READ_LINE  shift 63
	LITERAL  shift 64
	INSTANCEOF  shift 65
	VAR  shift 66
	'-'  shift 67
	'!'  shift 68
	'('  shift 69
	IDENTIFIER  reduce 42

	LValue  goto 91
	Expr  goto 101
	Call  goto 93
	Receiver  goto 86
	Constant  goto 87


state 68
	Expr : '!' . Expr  (65)
	Receiver : .  (42)

	NULL  shift 53
	THIS  shift 54
	NEW  shift 60
	READ_INTEGER  shift 62
	READ_LINE  shift 63
	LITERAL  shift 64
	INSTANCEOF  shift 65
	VAR  shift 66
	'-'  shift 67
	'!'  shift 68
	'('  shift 69
	IDENTIFIER  reduce 42

	LValue  goto 91
	Expr  goto 102
	Call  goto 93
	Receiver  goto 86
	Constant  goto 87


state 69
	Expr : '(' . Expr ')'  (63)
	Expr : '(' . CLASS IDENTIFIER ')' Expr  (72)
	Receiver : .  (42)

	CLASS  shift 103
	NULL  shift 53
	THIS  shift 54
	NEW  shift 60
	READ_INTEGER  shift 62
	READ_LINE  shift 63
	LITERAL  shift 64
	INSTANCEOF  shift 65
	VAR  shift 66
	'-'  shift 67
	'!'  shift 68
	'('  shift 69
	IDENTIFIER  reduce 42

	LValue  goto 91
	Expr  goto 104
	Call  goto 93
	Receiver  goto 86
	Constant  goto 87


state 70
	StmtBlock : '{' StmtList '}' .  (25)

	.  reduce 25


state 71
	OCStmt : SCOPY . '(' IDENTIFIER ',' Expr ')'  (92)

	'('  shift 105
	.  error


state 72
	Stmt : VariableDef .  (28)

	.  reduce 28


state 73
	Stmt : StmtBlock .  (36)

	.  reduce 36


state 74
	StmtList : StmtList Stmt .  (26)

	.  reduce 26


state 75
	Stmt : SimpleStmt . ';'  (29)

	';'  shift 106
	.  error


state 76
	Stmt : IfStmt .  (30)

	.  reduce 30


state 77
	Stmt : WhileStmt .  (31)

	.  reduce 31


state 78
	Stmt : ForStmt .  (32)

	.  reduce 32


state 79
	Stmt : ReturnStmt . ';'  (33)

	';'  shift 107
	.  error


state 80
	Stmt : PrintStmt . ';'  (34)

	';'  shift 108
	.  error


state 81
	Stmt : BreakStmt . ';'  (35)

	';'  shift 109
	.  error


state 82
	Stmt : OCStmt .  (37)

	.  reduce 37


state 83
	SimpleStmt : LValue . '=' Expr  (38)
	Expr : LValue .  (47)

	'='  shift 110
	AND  reduce 47
	OR  reduce 47
	LESS_EQUAL  reduce 47
	GREATER_EQUAL  reduce 47
	EQUAL  reduce 47
	NOT_EQUAL  reduce 47
	'+'  reduce 47
	'-'  reduce 47
	'*'  reduce 47
	'/'  reduce 47
	'%'  reduce 47
	'>'  reduce 47
	'<'  reduce 47
	'.'  reduce 47
	'['  reduce 47
	CONCAT  reduce 47
	ARRAYREPEAT  reduce 47


state 84
	Receiver : Expr . '.'  (41)
	LValue : Expr . '[' Expr ']'  (44)
	Expr : Expr . '+' Expr  (50)
	Expr : Expr . '-' Expr  (51)
	Expr : Expr . '*' Expr  (52)
	Expr : Expr . '/' Expr  (53)
	Expr : Expr . '%' Expr  (54)
	Expr : Expr . EQUAL Expr  (55)
	Expr : Expr . NOT_EQUAL Expr  (56)
	Expr : Expr . '<' Expr  (57)
	Expr : Expr . '>' Expr  (58)
	Expr : Expr . LESS_EQUAL Expr  (59)
	Expr : Expr . GREATER_EQUAL Expr  (60)
	Expr : Expr . AND Expr  (61)
	Expr : Expr . OR Expr  (62)
	Expr : Expr . ARRAYREPEAT Constant  (73)
	Expr : Expr . CONCAT Expr  (74)
	Expr : Expr . '[' Expr SUBARRAY Expr ']'  (75)
	Expr : Expr . '[' Expr ']' DEFAULT Expr  (76)

	AND  shift 111
	OR  shift 112
	LESS_EQUAL  shift 113
	GREATER_EQUAL  shift 114
	EQUAL  shift 115
	NOT_EQUAL  shift 116
	'+'  shift 117
	'-'  shift 118
	'*'  shift 119
	'/'  shift 120
	'%'  shift 121
	'>'  shift 122
	'<'  shift 123
	'.'  shift 124
	'['  shift 125
	CONCAT  shift 126
	ARRAYREPEAT  shift 127
	.  error


state 85
	SimpleStmt : Call .  (39)
	Expr : Call .  (48)

	AND  reduce 48
	OR  reduce 48
	LESS_EQUAL  reduce 48
	GREATER_EQUAL  reduce 48
	EQUAL  reduce 48
	NOT_EQUAL  reduce 48
	'+'  reduce 48
	'-'  reduce 48
	'*'  reduce 48
	'/'  reduce 48
	'%'  reduce 48
	'>'  reduce 48
	'<'  reduce 48
	'.'  reduce 48
	';'  reduce 39
	')'  reduce 39
	'['  reduce 48
	CONCAT  reduce 48
	ARRAYREPEAT  reduce 48


state 86
	LValue : Receiver . IDENTIFIER  (43)
	Call : Receiver . IDENTIFIER '(' Actuals ')'  (46)

	IDENTIFIER  shift 128
	.  error


state 87
	Expr : Constant .  (49)

	.  reduce 49


state 88
	WhileStmt : WHILE '(' . Expr ')' Stmt  (83)
	Receiver : .  (42)

	NULL  shift 53
	THIS  shift 54
	NEW  shift 60
	READ_INTEGER  shift 62
	READ_LINE  shift 63
	LITERAL  shift 64
	INSTANCEOF  shift 65
	VAR  shift 66
	'-'  shift 67
	'!'  shift 68
	'('  shift 69
	IDENTIFIER  reduce 42

	LValue  goto 91
	Expr  goto 129
	Call  goto 93
	Receiver  goto 86
	Constant  goto 87


state 89
	ForStmt : FOR '(' . SimpleStmt ';' Expr ';' SimpleStmt ')' Stmt  (84)
	SimpleStmt : .  (40)
	Receiver : .  (42)

	NULL  shift 53
	THIS  shift 54
	NEW  shift 60
	READ_INTEGER  shift 62
	READ_LINE  shift 63
	LITERAL  shift 64
	INSTANCEOF  shift 65
	VAR  shift 66
	'-'  shift 67
	'!'  shift 68
	'('  shift 69
	IDENTIFIER  reduce 42
	';'  reduce 40

	SimpleStmt  goto 130
	LValue  goto 83
	Expr  goto 84
	Call  goto 85
	Receiver  goto 86
	Constant  goto 87


state 90
	IfStmt : IF '(' . Expr ')' Stmt ElseClause  (86)
	Receiver : .  (42)

	NULL  shift 53
	THIS  shift 54
	NEW  shift 60
	READ_INTEGER  shift 62
	READ_LINE  shift 63
	LITERAL  shift 64
	INSTANCEOF  shift 65
	VAR  shift 66
	'-'  shift 67
	'!'  shift 68
	'('  shift 69
	IDENTIFIER  reduce 42

	LValue  goto 91
	Expr  goto 131
	Call  goto 93
	Receiver  goto 86
	Constant  goto 87


state 91
	Expr : LValue .  (47)

	.  reduce 47


state 92
	Receiver : Expr . '.'  (41)
	LValue : Expr . '[' Expr ']'  (44)
	Expr : Expr . '+' Expr  (50)
	Expr : Expr . '-' Expr  (51)
	Expr : Expr . '*' Expr  (52)
	Expr : Expr . '/' Expr  (53)
	Expr : Expr . '%' Expr  (54)
	Expr : Expr . EQUAL Expr  (55)
	Expr : Expr . NOT_EQUAL Expr  (56)
	Expr : Expr . '<' Expr  (57)
	Expr : Expr . '>' Expr  (58)
	Expr : Expr . LESS_EQUAL Expr  (59)
	Expr : Expr . GREATER_EQUAL Expr  (60)
	Expr : Expr . AND Expr  (61)
	Expr : Expr . OR Expr  (62)
	Expr : Expr . ARRAYREPEAT Constant  (73)
	Expr : Expr . CONCAT Expr  (74)
	Expr : Expr . '[' Expr SUBARRAY Expr ']'  (75)
	Expr : Expr . '[' Expr ']' DEFAULT Expr  (76)
	ReturnStmt : RETURN Expr .  (89)

	AND  shift 111
	OR  shift 112
	LESS_EQUAL  shift 113
	GREATER_EQUAL  shift 114
	EQUAL  shift 115
	NOT_EQUAL  shift 116
	'+'  shift 117
	'-'  shift 118
	'*'  shift 119
	'/'  shift 120
	'%'  shift 121
	'>'  shift 122
	'<'  shift 123
	'.'  shift 124
	'['  shift 125
	CONCAT  shift 126
	ARRAYREPEAT  shift 127
	';'  reduce 89


state 93
	Expr : Call .  (48)

	.  reduce 48


state 94
	Expr : NEW IDENTIFIER . '(' ')'  (69)

	'('  shift 132
	.  error


state 95
	Type : Type . '[' ']'  (11)
	Expr : NEW Type . '[' Expr ']'  (70)

	'['  shift 133
	.  error


state 96
	PrintStmt : PRINT '(' . ExprList ')'  (91)
	Receiver : .  (42)

	NULL  shift 53
	THIS  shift 54
	NEW  shift 60
	READ_INTEGER  shift 62
	READ_LINE  shift 63
	LITERAL  shift 64
	INSTANCEOF  shift 65
	VAR  shift 66
	'-'  shift 67
	'!'  shift 68
	'('  shift 69
	IDENTIFIER  reduce 42

	LValue  goto 91
	Expr  goto 134
	Call  goto 93
	Receiver  goto 86
	Constant  goto 87
	ExprList  goto 135


state 97
	Expr : READ_INTEGER '(' . ')'  (66)

	')'  shift 136
	.  error


state 98
	Expr : READ_LINE '(' . ')'  (67)

	')'  shift 137
	.  error


state 99
	Expr : INSTANCEOF '(' . Expr ',' IDENTIFIER ')'  (71)
	Receiver : .  (42)

	NULL  shift 53
	THIS  shift 54
	NEW  shift 60
	READ_INTEGER  shift 62
	READ_LINE  shift 63
	LITERAL  shift 64
	INSTANCEOF  shift 65
	VAR  shift 66
	'-'  shift 67
	'!'  shift 68
	'('  shift 69
	IDENTIFIER  reduce 42

	LValue  goto 91
	Expr  goto 138
	Call  goto 93
	Receiver  goto 86
	Constant  goto 87


state 100
	LValue : VAR IDENTIFIER .  (45)

	.  reduce 45


state 101
	Receiver : Expr . '.'  (41)
	LValue : Expr . '[' Expr ']'  (44)
	Expr : Expr . '+' Expr  (50)
	Expr : Expr . '-' Expr  (51)
	Expr : Expr . '*' Expr  (52)
	Expr : Expr . '/' Expr  (53)
	Expr : Expr . '%' Expr  (54)
	Expr : Expr . EQUAL Expr  (55)
	Expr : Expr . NOT_EQUAL Expr  (56)
	Expr : Expr . '<' Expr  (57)
	Expr : Expr . '>' Expr  (58)
	Expr : Expr . LESS_EQUAL Expr  (59)
	Expr : Expr . GREATER_EQUAL Expr  (60)
	Expr : Expr . AND Expr  (61)
	Expr : Expr . OR Expr  (62)
	Expr : '-' Expr .  (64)
	Expr : Expr . ARRAYREPEAT Constant  (73)
	Expr : Expr . CONCAT Expr  (74)
	Expr : Expr . '[' Expr SUBARRAY Expr ']'  (75)
	Expr : Expr . '[' Expr ']' DEFAULT Expr  (76)

	'.'  shift 124
	'['  shift 125
	AND  reduce 64
	OR  reduce 64
	LESS_EQUAL  reduce 64
	GREATER_EQUAL  reduce 64
	EQUAL  reduce 64
	NOT_EQUAL  reduce 64
	'+'  reduce 64
	'-'  reduce 64
	'*'  reduce 64
	'/'  reduce 64
	'%'  reduce 64
	'>'  reduce 64
	'<'  reduce 64
	','  reduce 64
	';'  reduce 64
	')'  reduce 64
	']'  reduce 64
	CONCAT  reduce 64
	SUBARRAY  reduce 64


state 102
	Receiver : Expr . '.'  (41)
	LValue : Expr . '[' Expr ']'  (44)
	Expr : Expr . '+' Expr  (50)
	Expr : Expr . '-' Expr  (51)
	Expr : Expr . '*' Expr  (52)
	Expr : Expr . '/' Expr  (53)
	Expr : Expr . '%' Expr  (54)
	Expr : Expr . EQUAL Expr  (55)
	Expr : Expr . NOT_EQUAL Expr  (56)
	Expr : Expr . '<' Expr  (57)
	Expr : Expr . '>' Expr  (58)
	Expr : Expr . LESS_EQUAL Expr  (59)
	Expr : Expr . GREATER_EQUAL Expr  (60)
	Expr : Expr . AND Expr  (61)
	Expr : Expr . OR Expr  (62)
	Expr : '!' Expr .  (65)
	Expr : Expr . ARRAYREPEAT Constant  (73)
	Expr : Expr . CONCAT Expr  (74)
	Expr : Expr . '[' Expr SUBARRAY Expr ']'  (75)
	Expr : Expr . '[' Expr ']' DEFAULT Expr  (76)

	'.'  shift 124
	'['  shift 125
	AND  reduce 65
	OR  reduce 65
	LESS_EQUAL  reduce 65
	GREATER_EQUAL  reduce 65
	EQUAL  reduce 65
	NOT_EQUAL  reduce 65
	'+'  reduce 65
	'-'  reduce 65
	'*'  reduce 65
	'/'  reduce 65
	'%'  reduce 65
	'>'  reduce 65
	'<'  reduce 65
	','  reduce 65
	';'  reduce 65
	')'  reduce 65
	']'  reduce 65
	CONCAT  reduce 65
	SUBARRAY  reduce 65


state 103
	Expr : '(' CLASS . IDENTIFIER ')' Expr  (72)

	IDENTIFIER  shift 139
	.  error


state 104
	Receiver : Expr . '.'  (41)
	LValue : Expr . '[' Expr ']'  (44)
	Expr : Expr . '+' Expr  (50)
	Expr : Expr . '-' Expr  (51)
	Expr : Expr . '*' Expr  (52)
	Expr : Expr . '/' Expr  (53)
	Expr : Expr . '%' Expr  (54)
	Expr : Expr . EQUAL Expr  (55)
	Expr : Expr . NOT_EQUAL Expr  (56)
	Expr : Expr . '<' Expr  (57)
	Expr : Expr . '>' Expr  (58)
	Expr : Expr . LESS_EQUAL Expr  (59)
	Expr : Expr . GREATER_EQUAL Expr  (60)
	Expr : Expr . AND Expr  (61)
	Expr : Expr . OR Expr  (62)
	Expr : '(' Expr . ')'  (63)
	Expr : Expr . ARRAYREPEAT Constant  (73)
	Expr : Expr . CONCAT Expr  (74)
	Expr : Expr . '[' Expr SUBARRAY Expr ']'  (75)
	Expr : Expr . '[' Expr ']' DEFAULT Expr  (76)

	AND  shift 111
	OR  shift 112
	LESS_EQUAL  shift 113
	GREATER_EQUAL  shift 114
	EQUAL  shift 115
	NOT_EQUAL  shift 116
	'+'  shift 117
	'-'  shift 118
	'*'  shift 119
	'/'  shift 120
	'%'  shift 121
	'>'  shift 122
	'<'  shift 123
	'.'  shift 124
	')'  shift 140
	'['  shift 125
	CONCAT  shift 126
	ARRAYREPEAT  shift 127
	.  error


state 105
	OCStmt : SCOPY '(' . IDENTIFIER ',' Expr ')'  (92)

	IDENTIFIER  shift 141
	.  error


state 106
	Stmt : SimpleStmt ';' .  (29)

	.  reduce 29


state 107
	Stmt : ReturnStmt ';' .  (33)

	.  reduce 33


state 108
	Stmt : PrintStmt ';' .  (34)

	.  reduce 34


state 109
	Stmt : BreakStmt ';' .  (35)

	.  reduce 35


state 110
	SimpleStmt : LValue '=' . Expr  (38)
	Receiver : .  (42)

	NULL  shift 53
	THIS  shift 54
	NEW  shift 60
	READ_INTEGER  shift 62
	READ_LINE  shift 63
	LITERAL  shift 64
	INSTANCEOF  shift 65
	VAR  shift 66
	'-'  shift 67
	'!'  shift 68
	'('  shift 69
	IDENTIFIER  reduce 42

	LValue  goto 91
	Expr  goto 142
	Call  goto 93
	Receiver  goto 86
	Constant  goto 87


state 111
	Expr : Expr AND . Expr  (61)
	Receiver : .  (42)

	NULL  shift 53
	THIS  shift 54
	NEW  shift 60
	READ_INTEGER  shift 62
	READ_LINE  shift 63
	LITERAL  shift 64
	INSTANCEOF  shift 65
	VAR  shift 66
	'-'  shift 67
	'!'  shift 68
	'('  shift 69
	IDENTIFIER  reduce 42

	LValue  goto 91
	Expr  goto 143
	Call  goto 93
	Receiver  goto 86
	Constant  goto 87


state 112
	Expr : Expr OR . Expr  (62)
	Receiver : .  (42)

	NULL  shift 53
	THIS  shift 54
	NEW  shift 60
	READ_INTEGER  shift 62
	READ_LINE  shift 63
	LITERAL  shift 64
	INSTANCEOF  shift 65
	VAR  shift 66
	'-'  shift 67
	'!'  shift 68
	'('  shift 69
	IDENTIFIER  reduce 42

	LValue  goto 91
	Expr  goto 144
	Call  goto 93
	Receiver  goto 86
	Constant  goto 87


state 113
	Expr : Expr LESS_EQUAL . Expr  (59)
	Receiver : .  (42)

	NULL  shift 53
	THIS  shift 54
	NEW  shift 60
	READ_INTEGER  shift 62
	READ_LINE  shift 63
	LITERAL  shift 64
	INSTANCEOF  shift 65
	VAR  shift 66
	'-'  shift 67
	'!'  shift 68
	'('  shift 69
	IDENTIFIER  reduce 42

	LValue  goto 91
	Expr  goto 145
	Call  goto 93
	Receiver  goto 86
	Constant  goto 87


state 114
	Expr : Expr GREATER_EQUAL . Expr  (60)
	Receiver : .  (42)

	NULL  shift 53
	THIS  shift 54
	NEW  shift 60
	READ_INTEGER  shift 62
	READ_LINE  shift 63
	LITERAL  shift 64
	INSTANCEOF  shift 65
	VAR  shift 66
	'-'  shift 67
	'!'  shift 68
	'('  shift 69
	IDENTIFIER  reduce 42

	LValue  goto 91
	Expr  goto 146
	Call  goto 93
	Receiver  goto 86
	Constant  goto 87


state 115
	Expr : Expr EQUAL . Expr  (55)
	Receiver : .  (42)

	NULL  shift 53
	THIS  shift 54
	NEW  shift 60
	READ_INTEGER  shift 62
	READ_LINE  shift 63
	LITERAL  shift 64
	INSTANCEOF  shift 65
	VAR  shift 66
	'-'  shift 67
	'!'  shift 68
	'('  shift 69
	IDENTIFIER  reduce 42

	LValue  goto 91
	Expr  goto 147
	Call  goto 93
	Receiver  goto 86
	Constant  goto 87


state 116
	Expr : Expr NOT_EQUAL . Expr  (56)
	Receiver : .  (42)

	NULL  shift 53
	THIS  shift 54
	NEW  shift 60
	READ_INTEGER  shift 62
	READ_LINE  shift 63
	LITERAL  shift 64
	INSTANCEOF  shift 65
	VAR  shift 66
	'-'  shift 67
	'!'  shift 68
	'('  shift 69
	IDENTIFIER  reduce 42

	LValue  goto 91
	Expr  goto 148
	Call  goto 93
	Receiver  goto 86
	Constant  goto 87


state 117
	Expr : Expr '+' . Expr  (50)
	Receiver : .  (42)

	NULL  shift 53
	THIS  shift 54
	NEW  shift 60
	READ_INTEGER  shift 62
	READ_LINE  shift 63
	LITERAL  shift 64
	INSTANCEOF  shift 65
	VAR  shift 66
	'-'  shift 67
	'!'  shift 68
	'('  shift 69
	IDENTIFIER  reduce 42

	LValue  goto 91
	Expr  goto 149
	Call  goto 93
	Receiver  goto 86
	Constant  goto 87


state 118
	Expr : Expr '-' . Expr  (51)
	Receiver : .  (42)

	NULL  shift 53
	THIS  shift 54
	NEW  shift 60
	READ_INTEGER  shift 62
	READ_LINE  shift 63
	LITERAL  shift 64
	INSTANCEOF  shift 65
	VAR  shift 66
	'-'  shift 67
	'!'  shift 68
	'('  shift 69
	IDENTIFIER  reduce 42

	LValue  goto 91
	Expr  goto 150
	Call  goto 93
	Receiver  goto 86
	Constant  goto 87


state 119
	Expr : Expr '*' . Expr  (52)
	Receiver : .  (42)

	NULL  shift 53
	THIS  shift 54
	NEW  shift 60
	READ_INTEGER  shift 62
	READ_LINE  shift 63
	LITERAL  shift 64
	INSTANCEOF  shift 65
	VAR  shift 66
	'-'  shift 67
	'!'  shift 68
	'('  shift 69
	IDENTIFIER  reduce 42

	LValue  goto 91
	Expr  goto 151
	Call  goto 93
	Receiver  goto 86
	Constant  goto 87


state 120
	Expr : Expr '/' . Expr  (53)
	Receiver : .  (42)

	NULL  shift 53
	THIS  shift 54
	NEW  shift 60
	READ_INTEGER  shift 62
	READ_LINE  shift 63
	LITERAL  shift 64
	INSTANCEOF  shift 65
	VAR  shift 66
	'-'  shift 67
	'!'  shift 68
	'('  shift 69
	IDENTIFIER  reduce 42

	LValue  goto 91
	Expr  goto 152
	Call  goto 93
	Receiver  goto 86
	Constant  goto 87


state 121
	Expr : Expr '%' . Expr  (54)
	Receiver : .  (42)

	NULL  shift 53
	THIS  shift 54
	NEW  shift 60
	READ_INTEGER  shift 62
	READ_LINE  shift 63
	LITERAL  shift 64
	INSTANCEOF  shift 65
	VAR  shift 66
	'-'  shift 67
	'!'  shift 68
	'('  shift 69
	IDENTIFIER  reduce 42

	LValue  goto 91
	Expr  goto 153
	Call  goto 93
	Receiver  goto 86
	Constant  goto 87


state 122
	Expr : Expr '>' . Expr  (58)
	Receiver : .  (42)

	NULL  shift 53
	THIS  shift 54
	NEW  shift 60
	READ_INTEGER  shift 62
	READ_LINE  shift 63
	LITERAL  shift 64
	INSTANCEOF  shift 65
	VAR  shift 66
	'-'  shift 67
	'!'  shift 68
	'('  shift 69
	IDENTIFIER  reduce 42

	LValue  goto 91
	Expr  goto 154
	Call  goto 93
	Receiver  goto 86
	Constant  goto 87


state 123
	Expr : Expr '<' . Expr  (57)
	Receiver : .  (42)

	NULL  shift 53
	THIS  shift 54
	NEW  shift 60
	READ_INTEGER  shift 62
	READ_LINE  shift 63
	LITERAL  shift 64
	INSTANCEOF  shift 65
	VAR  shift 66
	'-'  shift 67
	'!'  shift 68
	'('  shift 69
	IDENTIFIER  reduce 42

	LValue  goto 91
	Expr  goto 155
	Call  goto 93
	Receiver  goto 86
	Constant  goto 87


state 124
	Receiver : Expr '.' .  (41)

	.  reduce 41


state 125
	LValue : Expr '[' . Expr ']'  (44)
	Expr : Expr '[' . Expr SUBARRAY Expr ']'  (75)
	Expr : Expr '[' . Expr ']' DEFAULT Expr  (76)
	Receiver : .  (42)

	NULL  shift 53
	THIS  shift 54
	NEW  shift 60
	READ_INTEGER  shift 62
	READ_LINE  shift 63
	LITERAL  shift 64
	INSTANCEOF  shift 65
	VAR  shift 66
	'-'  shift 67
	'!'  shift 68
	'('  shift 69
	IDENTIFIER  reduce 42

	LValue  goto 91
	Expr  goto 156
	Call  goto 93
	Receiver  goto 86
	Constant  goto 87


state 126
	Expr : Expr CONCAT . Expr  (74)
	Receiver : .  (42)

	NULL  shift 53
	THIS  shift 54
	NEW  shift 60
	READ_INTEGER  shift 62
	READ_LINE  shift 63
	LITERAL  shift 64
	INSTANCEOF  shift 65
	VAR  shift 66
	'-'  shift 67
	'!'  shift 68
	'('  shift 69
	IDENTIFIER  reduce 42

	LValue  goto 91
	Expr  goto 157
	Call  goto 93
	Receiver  goto 86
	Constant  goto 87


state 127
	Expr : Expr ARRAYREPEAT . Constant  (73)

	NULL  shift 53
	LITERAL  shift 64
	.  error

	Constant  goto 158


state 128
	LValue : Receiver IDENTIFIER .  (43)
	Call : Receiver IDENTIFIER . '(' Actuals ')'  (46)

	'('  shift 159
	AND  reduce 43
	OR  reduce 43
	LESS_EQUAL  reduce 43
	GREATER_EQUAL  reduce 43
	EQUAL  reduce 43
	NOT_EQUAL  reduce 43
	'+'  reduce 43
	'-'  reduce 43
	'*'  reduce 43
	'/'  reduce 43
	'%'  reduce 43
	'='  reduce 43
	'>'  reduce 43
	'<'  reduce 43
	'.'  reduce 43
	','  reduce 43
	';'  reduce 43
	')'  reduce 43
	'['  reduce 43
	']'  reduce 43
	CONCAT  reduce 43
	SUBARRAY  reduce 43
	ARRAYREPEAT  reduce 43


state 129
	Receiver : Expr . '.'  (41)
	LValue : Expr . '[' Expr ']'  (44)
	Expr : Expr . '+' Expr  (50)
	Expr : Expr . '-' Expr  (51)
	Expr : Expr . '*' Expr  (52)
	Expr : Expr . '/' Expr  (53)
	Expr : Expr . '%' Expr  (54)
	Expr : Expr . EQUAL Expr  (55)
	Expr : Expr . NOT_EQUAL Expr  (56)
	Expr : Expr . '<' Expr  (57)
	Expr : Expr . '>' Expr  (58)
	Expr : Expr . LESS_EQUAL Expr  (59)
	Expr : Expr . GREATER_EQUAL Expr  (60)
	Expr : Expr . AND Expr  (61)
	Expr : Expr . OR Expr  (62)
	Expr : Expr . ARRAYREPEAT Constant  (73)
	Expr : Expr . CONCAT Expr  (74)
	Expr : Expr . '[' Expr SUBARRAY Expr ']'  (75)
	Expr : Expr . '[' Expr ']' DEFAULT Expr  (76)
	WhileStmt : WHILE '(' Expr . ')' Stmt  (83)

	AND  shift 111
	OR  shift 112
	LESS_EQUAL  shift 113
	GREATER_EQUAL  shift 114
	EQUAL  shift 115
	NOT_EQUAL  shift 116
	'+'  shift 117
	'-'  shift 118
	'*'  shift 119
	'/'  shift 120
	'%'  shift 121
	'>'  shift 122
	'<'  shift 123
	'.'  shift 124
	')'  shift 160
	'['  shift 125
	CONCAT  shift 126
	ARRAYREPEAT  shift 127
	.  error


state 130
	ForStmt : FOR '(' SimpleStmt . ';' Expr ';' SimpleStmt ')' Stmt  (84)

	';'  shift 161
	.  error


state 131
	Receiver : Expr . '.'  (41)
	LValue : Expr . '[' Expr ']'  (44)
	Expr : Expr . '+' Expr  (50)
	Expr : Expr . '-' Expr  (51)
	Expr : Expr . '*' Expr  (52)
	Expr : Expr . '/' Expr  (53)
	Expr : Expr . '%' Expr  (54)
	Expr : Expr . EQUAL Expr  (55)
	Expr : Expr . NOT_EQUAL Expr  (56)
	Expr : Expr . '<' Expr  (57)
	Expr : Expr . '>' Expr  (58)
	Expr : Expr . LESS_EQUAL Expr  (59)
	Expr : Expr . GREATER_EQUAL Expr  (60)
	Expr : Expr . AND Expr  (61)
	Expr : Expr . OR Expr  (62)
	Expr : Expr . ARRAYREPEAT Constant  (73)
	Expr : Expr . CONCAT Expr  (74)
	Expr : Expr . '[' Expr SUBARRAY Expr ']'  (75)
	Expr : Expr . '[' Expr ']' DEFAULT Expr  (76)
	IfStmt : IF '(' Expr . ')' Stmt ElseClause  (86)

	AND  shift 111
	OR  shift 112
	LESS_EQUAL  shift 113
	GREATER_EQUAL  shift 114
	EQUAL  shift 115
	NOT_EQUAL  shift 116
	'+'  shift 117
	'-'  shift 118
	'*'  shift 119
	'/'  shift 120
	'%'  shift 121
	'>'  shift 122
	'<'  shift 123
	'.'  shift 124
	')'  shift 162
	'['  shift 125
	CONCAT  shift 126
	ARRAYREPEAT  shift 127
	.  error


state 132
	Expr : NEW IDENTIFIER '(' . ')'  (69)

	')'  shift 163
	.  error


state 133
	Type : Type '[' . ']'  (11)
	Expr : NEW Type '[' . Expr ']'  (70)
	Receiver : .  (42)

	NULL  shift 53
	THIS  shift 54
	NEW  shift 60
	READ_INTEGER  shift 62
	READ_LINE  shift 63
	LITERAL  shift 64
	INSTANCEOF  shift 65
	VAR  shift 66
	'-'  shift 67
	'!'  shift 68
	'('  shift 69
	']'  shift 37
	IDENTIFIER  reduce 42

	LValue  goto 91
	Expr  goto 164
	Call  goto 93
	Receiver  goto 86
	Constant  goto 87


state 134
	Receiver : Expr . '.'  (41)
	LValue : Expr . '[' Expr ']'  (44)
	Expr : Expr . '+' Expr  (50)
	Expr : Expr . '-' Expr  (51)
	Expr : Expr . '*' Expr  (52)
	Expr : Expr . '/' Expr  (53)
	Expr : Expr . '%' Expr  (54)
	Expr : Expr . EQUAL Expr  (55)
	Expr : Expr . NOT_EQUAL Expr  (56)
	Expr : Expr . '<' Expr  (57)
	Expr : Expr . '>' Expr  (58)
	Expr : Expr . LESS_EQUAL Expr  (59)
	Expr : Expr . GREATER_EQUAL Expr  (60)
	Expr : Expr . AND Expr  (61)
	Expr : Expr . OR Expr  (62)
	Expr : Expr . ARRAYREPEAT Constant  (73)
	Expr : Expr . CONCAT Expr  (74)
	Expr : Expr . '[' Expr SUBARRAY Expr ']'  (75)
	Expr : Expr . '[' Expr ']' DEFAULT Expr  (76)
	ExprList : Expr .  (82)

	AND  shift 111
	OR  shift 112
	LESS_EQUAL  shift 113
	GREATER_EQUAL  shift 114
	EQUAL  shift 115
	NOT_EQUAL  shift 116
	'+'  shift 117
	'-'  shift 118
	'*'  shift 119
	'/'  shift 120
	'%'  shift 121
	'>'  shift 122
	'<'  shift 123
	'.'  shift 124
	'['  shift 125
	CONCAT  shift 126
	ARRAYREPEAT  shift 127
	','  reduce 82
	')'  reduce 82


state 135
	ExprList : ExprList . ',' Expr  (81)
	PrintStmt : PRINT '(' ExprList . ')'  (91)

	','  shift 165
	')'  shift 166
	.  error


state 136
	Expr : READ_INTEGER '(' ')' .  (66)

	.  reduce 66


state 137
	Expr : READ_LINE '(' ')' .  (67)

	.  reduce 67


state 138
	Receiver : Expr . '.'  (41)
	LValue : Expr . '[' Expr ']'  (44)
	Expr : Expr . '+' Expr  (50)
	Expr : Expr . '-' Expr  (51)
	Expr : Expr . '*' Expr  (52)
	Expr : Expr . '/' Expr  (53)
	Expr : Expr . '%' Expr  (54)
	Expr : Expr . EQUAL Expr  (55)
	Expr : Expr . NOT_EQUAL Expr  (56)
	Expr : Expr . '<' Expr  (57)
	Expr : Expr . '>' Expr  (58)
	Expr : Expr . LESS_EQUAL Expr  (59)
	Expr : Expr . GREATER_EQUAL Expr  (60)
	Expr : Expr . AND Expr  (61)
	Expr : Expr . OR Expr  (62)
	Expr : INSTANCEOF '(' Expr . ',' IDENTIFIER ')'  (71)
	Expr : Expr . ARRAYREPEAT Constant  (73)
	Expr : Expr . CONCAT Expr  (74)
	Expr : Expr . '[' Expr SUBARRAY Expr ']'  (75)
	Expr : Expr . '[' Expr ']' DEFAULT Expr  (76)

	AND  shift 111
	OR  shift 112
	LESS_EQUAL  shift 113
	GREATER_EQUAL  shift 114
	EQUAL  shift 115
	NOT_EQUAL  shift 116
	'+'  shift 117
	'-'  shift 118
	'*'  shift 119
	'/'  shift 120
	'%'  shift 121
	'>'  shift 122
	'<'  shift 123
	'.'  shift 124
	','  shift 167
	'['  shift 125
	CONCAT  shift 126
	ARRAYREPEAT  shift 127
	.  error


state 139
	Expr : '(' CLASS IDENTIFIER . ')' Expr  (72)

	')'  shift 168
	.  error


state 140
	Expr : '(' Expr ')' .  (63)

	.  reduce 63


state 141
	OCStmt : SCOPY '(' IDENTIFIER . ',' Expr ')'  (92)

	','  shift 169
	.  error


state 142
	SimpleStmt : LValue '=' Expr .  (38)
	Receiver : Expr . '.'  (41)
	LValue : Expr . '[' Expr ']'  (44)
	Expr : Expr . '+' Expr  (50)
	Expr : Expr . '-' Expr  (51)
	Expr : Expr . '*' Expr  (52)
	Expr : Expr . '/' Expr  (53)
	Expr : Expr . '%' Expr  (54)
	Expr : Expr . EQUAL Expr  (55)
	Expr : Expr . NOT_EQUAL Expr  (56)
	Expr : Expr . '<' Expr  (57)
	Expr : Expr . '>' Expr  (58)
	Expr : Expr . LESS_EQUAL Expr  (59)
	Expr : Expr . GREATER_EQUAL Expr  (60)
	Expr : Expr . AND Expr  (61)
	Expr : Expr . OR Expr  (62)
	Expr : Expr . ARRAYREPEAT Constant  (73)
	Expr : Expr . CONCAT Expr  (74)
	Expr : Expr . '[' Expr SUBARRAY Expr ']'  (75)
	Expr : Expr . '[' Expr ']' DEFAULT Expr  (76)

	AND  shift 111
	OR  shift 112
	LESS_EQUAL  shift 113
	GREATER_EQUAL  shift 114
	EQUAL  shift 115
	NOT_EQUAL  shift 116
	'+'  shift 117
	'-'  shift 118
	'*'  shift 119
	'/'  shift 120
	'%'  shift 121
	'>'  shift 122
	'<'  shift 123
	'.'  shift 124
	'['  shift 125
	CONCAT  shift 126
	ARRAYREPEAT  shift 127
	';'  reduce 38
	')'  reduce 38


state 143
	Receiver : Expr . '.'  (41)
	LValue : Expr . '[' Expr ']'  (44)
	Expr : Expr . '+' Expr  (50)
	Expr : Expr . '-' Expr  (51)
	Expr : Expr . '*' Expr  (52)
	Expr : Expr . '/' Expr  (53)
	Expr : Expr . '%' Expr  (54)
	Expr : Expr . EQUAL Expr  (55)
	Expr : Expr . NOT_EQUAL Expr  (56)
	Expr : Expr . '<' Expr  (57)
	Expr : Expr . '>' Expr  (58)
	Expr : Expr . LESS_EQUAL Expr  (59)
	Expr : Expr . GREATER_EQUAL Expr  (60)
	Expr : Expr . AND Expr  (61)
	Expr : Expr AND Expr .  (61)
	Expr : Expr . OR Expr  (62)
	Expr : Expr . ARRAYREPEAT Constant  (73)
	Expr : Expr . CONCAT Expr  (74)
	Expr : Expr . '[' Expr SUBARRAY Expr ']'  (75)
	Expr : Expr . '[' Expr ']' DEFAULT Expr  (76)

	LESS_EQUAL  shift 113
	GREATER_EQUAL  shift 114
	EQUAL  shift 115
	NOT_EQUAL  shift 116
	'+'  shift 117
	'-'  shift 118
	'*'  shift 119
	'/'  shift 120
	'%'  shift 121
	'>'  shift 122
	'<'  shift 123
	'.'  shift 124
	'['  shift 125
	CONCAT  shift 126
	ARRAYREPEAT  shift 127
	AND  reduce 61
	OR  reduce 61
	','  reduce 61
	';'  reduce 61
	')'  reduce 61
	']'  reduce 61
	SUBARRAY  reduce 61


state 144
	Receiver : Expr . '.'  (41)
	LValue : Expr . '[' Expr ']'  (44)
	Expr : Expr . '+' Expr  (50)
	Expr : Expr . '-' Expr  (51)
	Expr : Expr . '*' Expr  (52)
	Expr : Expr . '/' Expr  (53)
	Expr : Expr . '%' Expr  (54)
	Expr : Expr . EQUAL Expr  (55)
	Expr : Expr . NOT_EQUAL Expr  (56)
	Expr : Expr . '<' Expr  (57)
	Expr : Expr . '>' Expr  (58)
	Expr : Expr . LESS_EQUAL Expr  (59)
	Expr : Expr . GREATER_EQUAL Expr  (60)
	Expr : Expr . AND Expr  (61)
	Expr : Expr . OR Expr  (62)
	Expr : Expr OR Expr .  (62)
	Expr : Expr . ARRAYREPEAT Constant  (73)
	Expr : Expr . CONCAT Expr  (74)
	Expr : Expr . '[' Expr SUBARRAY Expr ']'  (75)
	Expr : Expr . '[' Expr ']' DEFAULT Expr  (76)

	AND  shift 111
	LESS_EQUAL  shift 113
	GREATER_EQUAL  shift 114
	EQUAL  shift 115
	NOT_EQUAL  shift 116
	'+'  shift 117
	'-'  shift 118
	'*'  shift 119
	'/'  shift 120
	'%'  shift 121
	'>'  shift 122
	'<'  shift 123
	'.'  shift 124
	'['  shift 125
	CONCAT  shift 126
	ARRAYREPEAT  shift 127
	OR  reduce 62
	','  reduce 62
	';'  reduce 62
	')'  reduce 62
	']'  reduce 62
	SUBARRAY  reduce 62


state 145
	Receiver : Expr . '.'  (41)
	LValue : Expr . '[' Expr ']'  (44)
	Expr : Expr . '+' Expr  (50)
	Expr : Expr . '-' Expr  (51)
	Expr : Expr . '*' Expr  (52)
	Expr : Expr . '/' Expr  (53)
	Expr : Expr . '%' Expr  (54)
	Expr : Expr . EQUAL Expr  (55)
	Expr : Expr . NOT_EQUAL Expr  (56)
	Expr : Expr . '<' Expr  (57)
	Expr : Expr . '>' Expr  (58)
	Expr : Expr . LESS_EQUAL Expr  (59)
	Expr : Expr LESS_EQUAL Expr .  (59)
	Expr : Expr . GREATER_EQUAL Expr  (60)
	Expr : Expr . AND Expr  (61)
	Expr : Expr . OR Expr  (62)
	Expr : Expr . ARRAYREPEAT Constant  (73)
	Expr : Expr . CONCAT Expr  (74)
	Expr : Expr . '[' Expr SUBARRAY Expr ']'  (75)
	Expr : Expr . '[' Expr ']' DEFAULT Expr  (76)

	'+'  shift 117
	'-'  shift 118
	'*'  shift 119
	'/'  shift 120
	'%'  shift 121
	'.'  shift 124
	'['  shift 125
	ARRAYREPEAT  shift 127
	AND  reduce 59
	OR  reduce 59
	EQUAL  reduce 59
	NOT_EQUAL  reduce 59
	','  reduce 59
	';'  reduce 59
	')'  reduce 59
	']'  reduce 59
	CONCAT  reduce 59
	SUBARRAY  reduce 59


state 146
	Receiver : Expr . '.'  (41)
	LValue : Expr . '[' Expr ']'  (44)
	Expr : Expr . '+' Expr  (50)
	Expr : Expr . '-' Expr  (51)
	Expr : Expr . '*' Expr  (52)
	Expr : Expr . '/' Expr  (53)
	Expr : Expr . '%' Expr  (54)
	Expr : Expr . EQUAL Expr  (55)
	Expr : Expr . NOT_EQUAL Expr  (56)
	Expr : Expr . '<' Expr  (57)
	Expr : Expr . '>' Expr  (58)
	Expr : Expr . LESS_EQUAL Expr  (59)
	Expr : Expr . GREATER_EQUAL Expr  (60)
	Expr : Expr GREATER_EQUAL Expr .  (60)
	Expr : Expr . AND Expr  (61)
	Expr : Expr . OR Expr  (62)
	Expr : Expr . ARRAYREPEAT Constant  (73)
	Expr : Expr . CONCAT Expr  (74)
	Expr : Expr . '[' Expr SUBARRAY Expr ']'  (75)
	Expr : Expr . '[' Expr ']' DEFAULT Expr  (76)

	'+'  shift 117
	'-'  shift 118
	'*'  shift 119
	'/'  shift 120
	'%'  shift 121
	'.'  shift 124
	'['  shift 125
	ARRAYREPEAT  shift 127
	AND  reduce 60
	OR  reduce 60
	EQUAL  reduce 60
	NOT_EQUAL  reduce 60
	','  reduce 60
	';'  reduce 60
	')'  reduce 60
	']'  reduce 60
	CONCAT  reduce 60
	SUBARRAY  reduce 60


state 147
	Receiver : Expr . '.'  (41)
	LValue : Expr . '[' Expr ']'  (44)
	Expr : Expr . '+' Expr  (50)
	Expr : Expr . '-' Expr  (51)
	Expr : Expr . '*' Expr  (52)
	Expr : Expr . '/' Expr  (53)
	Expr : Expr . '%' Expr  (54)
	Expr : Expr . EQUAL Expr  (55)
	Expr : Expr EQUAL Expr .  (55)
	Expr : Expr . NOT_EQUAL Expr  (56)
	Expr : Expr . '<' Expr  (57)
	Expr : Expr . '>' Expr  (58)
	Expr : Expr . LESS_EQUAL Expr  (59)
	Expr : Expr . GREATER_EQUAL Expr  (60)
	Expr : Expr . AND Expr  (61)
	Expr : Expr . OR Expr  (62)
	Expr : Expr . ARRAYREPEAT Constant  (73)
	Expr : Expr . CONCAT Expr  (74)
	Expr : Expr . '[' Expr SUBARRAY Expr ']'  (75)
	Expr : Expr . '[' Expr ']' DEFAULT Expr  (76)

	LESS_EQUAL  shift 113
	GREATER_EQUAL  shift 114
	'+'  shift 117
	'-'  shift 118
	'*'  shift 119
	'/'  shift 120
	'%'  shift 121
	'>'  shift 122
	'<'  shift 123
	'.'  shift 124
	'['  shift 125
	ARRAYREPEAT  shift 127
	AND  reduce 55
	OR  reduce 55
	','  reduce 55
	';'  reduce 55
	')'  reduce 55
	']'  reduce 55
	SUBARRAY  reduce 55


state 148
	Receiver : Expr . '.'  (41)
	LValue : Expr . '[' Expr ']'  (44)
	Expr : Expr . '+' Expr  (50)
	Expr : Expr . '-' Expr  (51)
	Expr : Expr . '*' Expr  (52)
	Expr : Expr . '/' Expr  (53)
	Expr : Expr . '%' Expr  (54)
	Expr : Expr . EQUAL Expr  (55)
	Expr : Expr . NOT_EQUAL Expr  (56)
	Expr : Expr NOT_EQUAL Expr .  (56)
	Expr : Expr . '<' Expr  (57)
	Expr : Expr . '>' Expr  (58)
	Expr : Expr . LESS_EQUAL Expr  (59)
	Expr : Expr . GREATER_EQUAL Expr  (60)
	Expr : Expr . AND Expr  (61)
	Expr : Expr . OR Expr  (62)
	Expr : Expr . ARRAYREPEAT Constant  (73)
	Expr : Expr . CONCAT Expr  (74)
	Expr : Expr . '[' Expr SUBARRAY Expr ']'  (75)
	Expr : Expr . '[' Expr ']' DEFAULT Expr  (76)

	LESS_EQUAL  shift 113
	GREATER_EQUAL  shift 114
	'+'  shift 117
	'-'  shift 118
	'*'  shift 119
	'/'  shift 120
	'%'  shift 121
	'>'  shift 122
	'<'  shift 123
	'.'  shift 124
	'['  shift 125
	ARRAYREPEAT  shift 127
	AND  reduce 56
	OR  reduce 56
	','  reduce 56
	';'  reduce 56
	')'  reduce 56
	']'  reduce 56
	SUBARRAY  reduce 56


state 149
	Receiver : Expr . '.'  (41)
	LValue : Expr . '[' Expr ']'  (44)
	Expr : Expr . '+' Expr  (50)
	Expr : Expr '+' Expr .  (50)
	Expr : Expr . '-' Expr  (51)
	Expr : Expr . '*' Expr  (52)
	Expr : Expr . '/' Expr  (53)
	Expr : Expr . '%' Expr  (54)
	Expr : Expr . EQUAL Expr  (55)
	Expr : Expr . NOT_EQUAL Expr  (56)
	Expr : Expr . '<' Expr  (57)
	Expr : Expr . '>' Expr  (58)
	Expr : Expr . LESS_EQUAL Expr  (59)
	Expr : Expr . GREATER_EQUAL Expr  (60)
	Expr : Expr . AND Expr  (61)
	Expr : Expr . OR Expr  (62)
	Expr : Expr . ARRAYREPEAT Constant  (73)
	Expr : Expr . CONCAT Expr  (74)
	Expr : Expr . '[' Expr SUBARRAY Expr ']'  (75)
	Expr : Expr . '[' Expr ']' DEFAULT Expr  (76)

	'*'  shift 119
	'/'  shift 120
	'%'  shift 121
	'.'  shift 124
	'['  shift 125
	ARRAYREPEAT  shift 127
	AND  reduce 50
	OR  reduce 50
	LESS_EQUAL  reduce 50
	GREATER_EQUAL  reduce 50
	EQUAL  reduce 50
	NOT_EQUAL  reduce 50
	'+'  reduce 50
	'-'  reduce 50
	'>'  reduce 50
	'<'  reduce 50
	','  reduce 50
	';'  reduce 50
	')'  reduce 50
	']'  reduce 50
	CONCAT  reduce 50
	SUBARRAY  reduce 50


state 150
	Receiver : Expr . '.'  (41)
	LValue : Expr . '[' Expr ']'  (44)
	Expr : Expr . '+' Expr  (50)
	Expr : Expr . '-' Expr  (51)
	Expr : Expr '-' Expr .  (51)
	Expr : Expr . '*' Expr  (52)
	Expr : Expr . '/' Expr  (53)
	Expr : Expr . '%' Expr  (54)
	Expr : Expr . EQUAL Expr  (55)
	Expr : Expr . NOT_EQUAL Expr  (56)
	Expr : Expr . '<' Expr  (57)
	Expr : Expr . '>' Expr  (58)
	Expr : Expr . LESS_EQUAL Expr  (59)
	Expr : Expr . GREATER_EQUAL Expr  (60)
	Expr : Expr . AND Expr  (61)
	Expr : Expr . OR Expr  (62)
	Expr : Expr . ARRAYREPEAT Constant  (73)
	Expr : Expr . CONCAT Expr  (74)
	Expr : Expr . '[' Expr SUBARRAY Expr ']'  (75)
	Expr : Expr . '[' Expr ']' DEFAULT Expr  (76)

	'*'  shift 119
	'/'  shift 120
	'%'  shift 121
	'.'  shift 124
	'['  shift 125
	ARRAYREPEAT  shift 127
	AND  reduce 51
	OR  reduce 51
	LESS_EQUAL  reduce 51
	GREATER_EQUAL  reduce 51
	EQUAL  reduce 51
	NOT_EQUAL  reduce 51
	'+'  reduce 51
	'-'  reduce 51
	'>'  reduce 51
	'<'  reduce 51
	','  reduce 51
	';'  reduce 51
	')'  reduce 51
	']'  reduce 51
	CONCAT  reduce 51
	SUBARRAY  reduce 51


state 151
	Receiver : Expr . '.'  (41)
	LValue : Expr . '[' Expr ']'  (44)
	Expr : Expr . '+' Expr  (50)
	Expr : Expr . '-' Expr  (51)
	Expr : Expr . '*' Expr  (52)
	Expr : Expr '*' Expr .  (52)
	Expr : Expr . '/' Expr  (53)
	Expr : Expr . '%' Expr  (54)
	Expr : Expr . EQUAL Expr  (55)
	Expr : Expr . NOT_EQUAL Expr  (56)
	Expr : Expr . '<' Expr  (57)
	Expr : Expr . '>' Expr  (58)
	Expr : Expr . LESS_EQUAL Expr  (59)
	Expr : Expr . GREATER_EQUAL Expr  (60)
	Expr : Expr . AND Expr  (61)
	Expr : Expr . OR Expr  (62)
	Expr : Expr . ARRAYREPEAT Constant  (73)
	Expr : Expr . CONCAT Expr  (74)
	Expr : Expr . '[' Expr SUBARRAY Expr ']'  (75)
	Expr : Expr . '[' Expr ']' DEFAULT Expr  (76)

	'.'  shift 124
	'['  shift 125
	ARRAYREPEAT  shift 127
	AND  reduce 52
	OR  reduce 52
	LESS_EQUAL  reduce 52
	GREATER_EQUAL  reduce 52
	EQUAL  reduce 52
	NOT_EQUAL  reduce 52
	'+'  reduce 52
	'-'  reduce 52
	'*'  reduce 52
	'/'  reduce 52
	'%'  reduce 52
	'>'  reduce 52
	'<'  reduce 52
	','  reduce 52
	';'  reduce 52
	')'  reduce 52
	']'  reduce 52
	CONCAT  reduce 52
	SUBARRAY  reduce 52


state 152
	Receiver : Expr . '.'  (41)
	LValue : Expr . '[' Expr ']'  (44)
	Expr : Expr . '+' Expr  (50)
	Expr : Expr . '-' Expr  (51)
	Expr : Expr . '*' Expr  (52)
	Expr : Expr . '/' Expr  (53)
	Expr : Expr '/' Expr .  (53)
	Expr : Expr . '%' Expr  (54)
	Expr : Expr . EQUAL Expr  (55)
	Expr : Expr . NOT_EQUAL Expr  (56)
	Expr : Expr . '<' Expr  (57)
	Expr : Expr . '>' Expr  (58)
	Expr : Expr . LESS_EQUAL Expr  (59)
	Expr : Expr . GREATER_EQUAL Expr  (60)
	Expr : Expr . AND Expr  (61)
	Expr : Expr . OR Expr  (62)
	Expr : Expr . ARRAYREPEAT Constant  (73)
	Expr : Expr . CONCAT Expr  (74)
	Expr : Expr . '[' Expr SUBARRAY Expr ']'  (75)
	Expr : Expr . '[' Expr ']' DEFAULT Expr  (76)

	'.'  shift 124
	'['  shift 125
	ARRAYREPEAT  shift 127
	AND  reduce 53
	OR  reduce 53
	LESS_EQUAL  reduce 53
	GREATER_EQUAL  reduce 53
	EQUAL  reduce 53
	NOT_EQUAL  reduce 53
	'+'  reduce 53
	'-'  reduce 53
	'*'  reduce 53
	'/'  reduce 53
	'%'  reduce 53
	'>'  reduce 53
	'<'  reduce 53
	','  reduce 53
	';'  reduce 53
	')'  reduce 53
	']'  reduce 53
	CONCAT  reduce 53
	SUBARRAY  reduce 53


state 153
	Receiver : Expr . '.'  (41)
	LValue : Expr . '[' Expr ']'  (44)
	Expr : Expr . '+' Expr  (50)
	Expr : Expr . '-' Expr  (51)
	Expr : Expr . '*' Expr  (52)
	Expr : Expr . '/' Expr  (53)
	Expr : Expr . '%' Expr  (54)
	Expr : Expr '%' Expr .  (54)
	Expr : Expr . EQUAL Expr  (55)
	Expr : Expr . NOT_EQUAL Expr  (56)
	Expr : Expr . '<' Expr  (57)
	Expr : Expr . '>' Expr  (58)
	Expr : Expr . LESS_EQUAL Expr  (59)
	Expr : Expr . GREATER_EQUAL Expr  (60)
	Expr : Expr . AND Expr  (61)
	Expr : Expr . OR Expr  (62)
	Expr : Expr . ARRAYREPEAT Constant  (73)
	Expr : Expr . CONCAT Expr  (74)
	Expr : Expr . '[' Expr SUBARRAY Expr ']'  (75)
	Expr : Expr . '[' Expr ']' DEFAULT Expr  (76)

	'.'  shift 124
	'['  shift 125
	ARRAYREPEAT  shift 127
	AND  reduce 54
	OR  reduce 54
	LESS_EQUAL  reduce 54
	GREATER_EQUAL  reduce 54
	EQUAL  reduce 54
	NOT_EQUAL  reduce 54
	'+'  reduce 54
	'-'  reduce 54
	'*'  reduce 54
	'/'  reduce 54
	'%'  reduce 54
	'>'  reduce 54
	'<'  reduce 54
	','  reduce 54
	';'  reduce 54
	')'  reduce 54
	']'  reduce 54
	CONCAT  reduce 54
	SUBARRAY  reduce 54


state 154
	Receiver : Expr . '.'  (41)
	LValue : Expr . '[' Expr ']'  (44)
	Expr : Expr . '+' Expr  (50)
	Expr : Expr . '-' Expr  (51)
	Expr : Expr . '*' Expr  (52)
	Expr : Expr . '/' Expr  (53)
	Expr : Expr . '%' Expr  (54)
	Expr : Expr . EQUAL Expr  (55)
	Expr : Expr . NOT_EQUAL Expr  (56)
	Expr : Expr . '<' Expr  (57)
	Expr : Expr . '>' Expr  (58)
	Expr : Expr '>' Expr .  (58)
	Expr : Expr . LESS_EQUAL Expr  (59)
	Expr : Expr . GREATER_EQUAL Expr  (60)
	Expr : Expr . AND Expr  (61)
	Expr : Expr . OR Expr  (62)
	Expr : Expr . ARRAYREPEAT Constant  (73)
	Expr : Expr . CONCAT Expr  (74)
	Expr : Expr . '[' Expr SUBARRAY Expr ']'  (75)
	Expr : Expr . '[' Expr ']' DEFAULT Expr  (76)

	'+'  shift 117
	'-'  shift 118
	'*'  shift 119
	'/'  shift 120
	'%'  shift 121
	'.'  shift 124
	'['  shift 125
	ARRAYREPEAT  shift 127
	AND  reduce 58
	OR  reduce 58
	EQUAL  reduce 58
	NOT_EQUAL  reduce 58
	','  reduce 58
	';'  reduce 58
	')'  reduce 58
	']'  reduce 58
	CONCAT  reduce 58
	SUBARRAY  reduce 58


state 155
	Receiver : Expr . '.'  (41)
	LValue : Expr . '[' Expr ']'  (44)
	Expr : Expr . '+' Expr  (50)
	Expr : Expr . '-' Expr  (51)
	Expr : Expr . '*' Expr  (52)
	Expr : Expr . '/' Expr  (53)
	Expr : Expr . '%' Expr  (54)
	Expr : Expr . EQUAL Expr  (55)
	Expr : Expr . NOT_EQUAL Expr  (56)
	Expr : Expr . '<' Expr  (57)
	Expr : Expr '<' Expr .  (57)
	Expr : Expr . '>' Expr  (58)
	Expr : Expr . LESS_EQUAL Expr  (59)
	Expr : Expr . GREATER_EQUAL Expr  (60)
	Expr : Expr . AND Expr  (61)
	Expr : Expr . OR Expr  (62)
	Expr : Expr . ARRAYREPEAT Constant  (73)
	Expr : Expr . CONCAT Expr  (74)
	Expr : Expr . '[' Expr SUBARRAY Expr ']'  (75)
	Expr : Expr . '[' Expr ']' DEFAULT Expr  (76)

	'+'  shift 117
	'-'  shift 118
	'*'  shift 119
	'/'  shift 120
	'%'  shift 121
	'.'  shift 124
	'['  shift 125
	ARRAYREPEAT  shift 127
	AND  reduce 57
	OR  reduce 57
	EQUAL  reduce 57
	NOT_EQUAL  reduce 57
	','  reduce 57
	';'  reduce 57
	')'  reduce 57
	']'  reduce 57
	CONCAT  reduce 57
	SUBARRAY  reduce 57


state 156
	Receiver : Expr . '.'  (41)
	LValue : Expr . '[' Expr ']'  (44)
	LValue : Expr '[' Expr . ']'  (44)
	Expr : Expr . '+' Expr  (50)
	Expr : Expr . '-' Expr  (51)
	Expr : Expr . '*' Expr  (52)
	Expr : Expr . '/' Expr  (53)
	Expr : Expr . '%' Expr  (54)
	Expr : Expr . EQUAL Expr  (55)
	Expr : Expr . NOT_EQUAL Expr  (56)
	Expr : Expr . '<' Expr  (57)
	Expr : Expr . '>' Expr  (58)
	Expr : Expr . LESS_EQUAL Expr  (59)
	Expr : Expr . GREATER_EQUAL Expr  (60)
	Expr : Expr . AND Expr  (61)
	Expr : Expr . OR Expr  (62)
	Expr : Expr . ARRAYREPEAT Constant  (73)
	Expr : Expr . CONCAT Expr  (74)
	Expr : Expr . '[' Expr SUBARRAY Expr ']'  (75)
	Expr : Expr '[' Expr . SUBARRAY Expr ']'  (75)
	Expr : Expr . '[' Expr ']' DEFAULT Expr  (76)
	Expr : Expr '[' Expr . ']' DEFAULT Expr  (76)

	AND  shift 111
	OR  shift 112
	LESS_EQUAL  shift 113
	GREATER_EQUAL  shift 114
	EQUAL  shift 115
	NOT_EQUAL  shift 116
	'+'  shift 117
	'-'  shift 118
	'*'  shift 119
	'/'  shift 120
	'%'  shift 121
	'>'  shift 122
	'<'  shift 123
	'.'  shift 124
	'['  shift 125
	']'  shift 170
	CONCAT  shift 126
	SUBARRAY  shift 171
	ARRAYREPEAT  shift 127
	.  error


state 157
	Receiver : Expr . '.'  (41)
	LValue : Expr . '[' Expr ']'  (44)
	Expr : Expr . '+' Expr  (50)
	Expr : Expr . '-' Expr  (51)
	Expr : Expr . '*' Expr  (52)
	Expr : Expr . '/' Expr  (53)
	Expr : Expr . '%' Expr  (54)
	Expr : Expr . EQUAL Expr  (55)
	Expr : Expr . NOT_EQUAL Expr  (56)
	Expr : Expr . '<' Expr  (57)
	Expr : Expr . '>' Expr  (58)
	Expr : Expr . LESS_EQUAL Expr  (59)
	Expr : Expr . GREATER_EQUAL Expr  (60)
	Expr : Expr . AND Expr  (61)
	Expr : Expr . OR Expr  (62)
	Expr : Expr . ARRAYREPEAT Constant  (73)
	Expr : Expr . CONCAT Expr  (74)
	Expr : Expr CONCAT Expr .  (74)
	Expr : Expr . '[' Expr SUBARRAY Expr ']'  (75)
	Expr : Expr . '[' Expr ']' DEFAULT Expr  (76)

	LESS_EQUAL  shift 113
	GREATER_EQUAL  shift 114
	'+'  shift 117
	'-'  shift 118
	'*'  shift 119
	'/'  shift 120
	'%'  shift 121
	'>'  shift 122
	'<'  shift 123
	'.'  shift 124
	'['  shift 125
	ARRAYREPEAT  shift 127
	AND  reduce 74
	OR  reduce 74
	','  reduce 74
	';'  reduce 74
	')'  reduce 74
	']'  reduce 74
	SUBARRAY  reduce 74


state 158
	Expr : Expr ARRAYREPEAT Constant .  (73)

	.  reduce 73


state 159
	Call : Receiver IDENTIFIER '(' . Actuals ')'  (46)
	Receiver : .  (42)
	Actuals : .  (80)

	NULL  shift 53
	THIS  shift 54
	NEW  shift 60
	READ_INTEGER  shift 62
	READ_LINE  shift 63
	LITERAL  shift 64
	INSTANCEOF  shift 65
	VAR  shift 66
	'-'  shift 67
	'!'  shift 68
	'('  shift 69
	IDENTIFIER  reduce 42
	')'  reduce 80

	LValue  goto 91
	Expr  goto 134
	Call  goto 93
	Receiver  goto 86
	Actuals  goto 172
	Constant  goto 87
	ExprList  goto 173


state 160
	WhileStmt : WHILE '(' Expr ')' . Stmt  (83)
	SimpleStmt : .  (40)
	Receiver : .  (42)

	VOID  shift 17
	BOOL  shift 18
	INT  shift 19
	STRING  shift 20
	CLASS  shift 21
	NULL  shift 53
	THIS  shift 54
	WHILE  shift 55
	FOR  shift 56
	IF  shift 57
	RETURN  shift 58
	BREAK  shift 59
	NEW  shift 60
	PRINT  shift 61
	READ_INTEGER  shift 62
	READ_LINE  shift 63
	LITERAL  shift 64
	INSTANCEOF  shift 65
	VAR  shift 66
	'-'  shift 67
	'!'  shift 68
	'('  shift 69
	'{'  shift 48
	SCOPY  shift 71
	IDENTIFIER  reduce 42
	';'  reduce 40

	VariableDef  goto 72
	Variable  goto 25
	Type  goto 40
	StmtBlock  goto 73
	Stmt  goto 174
	SimpleStmt  goto 75
	IfStmt  goto 76
	WhileStmt  goto 77
	ForStmt  goto 78
	ReturnStmt  goto 79
	PrintStmt  goto 80
	BreakStmt  goto 81
	OCStmt  goto 82
	LValue  goto 83
	Expr  goto 84
	Call  goto 85
	Receiver  goto 86
	Constant  goto 87


state 161
	ForStmt : FOR '(' SimpleStmt ';' . Expr ';' SimpleStmt ')' Stmt  (84)
	Receiver : .  (42)

	NULL  shift 53
	THIS  shift 54
	NEW  shift 60
	READ_INTEGER  shift 62
	READ_LINE  shift 63
	LITERAL  shift 64
	INSTANCEOF  shift 65
	VAR  shift 66
	'-'  shift 67
	'!'  shift 68
	'('  shift 69
	IDENTIFIER  reduce 42

	LValue  goto 91
	Expr  goto 175
	Call  goto 93
	Receiver  goto 86
	Constant  goto 87


state 162
	IfStmt : IF '(' Expr ')' . Stmt ElseClause  (86)
	SimpleStmt : .  (40)
	Receiver : .  (42)

	VOID  shift 17
	BOOL  shift 18
	INT  shift 19
	STRING  shift 20
	CLASS  shift 21
	NULL  shift 53
	THIS  shift 54
	WHILE  shift 55
	FOR  shift 56
	IF  shift 57
	RETURN  shift 58
	BREAK  shift 59
	NEW  shift 60
	PRINT  shift 61
	READ_INTEGER  shift 62
	READ_LINE  shift 63
	LITERAL  shift 64
	INSTANCEOF  shift 65
	VAR  shift 66
	'-'  shift 67
	'!'  shift 68
	'('  shift 69
	'{'  shift 48
	SCOPY  shift 71
	IDENTIFIER  reduce 42
	';'  reduce 40

	VariableDef  goto 72
	Variable  goto 25
	Type  goto 40
	StmtBlock  goto 73
	Stmt  goto 176
	SimpleStmt  goto 75
	IfStmt  goto 76
	WhileStmt  goto 77
	ForStmt  goto 78
	ReturnStmt  goto 79
	PrintStmt  goto 80
	BreakStmt  goto 81
	OCStmt  goto 82
	LValue  goto 83
	Expr  goto 84
	Call  goto 85
	Receiver  goto 86
	Constant  goto 87


state 163
	Expr : NEW IDENTIFIER '(' ')' .  (69)

	.  reduce 69


state 164
	Receiver : Expr . '.'  (41)
	LValue : Expr . '[' Expr ']'  (44)
	Expr : Expr . '+' Expr  (50)
	Expr : Expr . '-' Expr  (51)
	Expr : Expr . '*' Expr  (52)
	Expr : Expr . '/' Expr  (53)
	Expr : Expr . '%' Expr  (54)
	Expr : Expr . EQUAL Expr  (55)
	Expr : Expr . NOT_EQUAL Expr  (56)
	Expr : Expr . '<' Expr  (57)
	Expr : Expr . '>' Expr  (58)
	Expr : Expr . LESS_EQUAL Expr  (59)
	Expr : Expr . GREATER_EQUAL Expr  (60)
	Expr : Expr . AND Expr  (61)
	Expr : Expr . OR Expr  (62)
	Expr : NEW Type '[' Expr . ']'  (70)
	Expr : Expr . ARRAYREPEAT Constant  (73)
	Expr : Expr . CONCAT Expr  (74)
	Expr : Expr . '[' Expr SUBARRAY Expr ']'  (75)
	Expr : Expr . '[' Expr ']' DEFAULT Expr  (76)

	AND  shift 111
	OR  shift 112
	LESS_EQUAL  shift 113
	GREATER_EQUAL  shift 114
	EQUAL  shift 115
	NOT_EQUAL  shift 116
	'+'  shift 117
	'-'  shift 118
	'*'  shift 119
	'/'  shift 120
	'%'  shift 121
	'>'  shift 122
	'<'  shift 123
	'.'  shift 124
	'['  shift 125
	']'  shift 177
	CONCAT  shift 126
	ARRAYREPEAT  shift 127
	.  error


state 165
	ExprList : ExprList ',' . Expr  (81)
	Receiver : .  (42)

	NULL  shift 53
	THIS  shift 54
	NEW  shift 60
	READ_INTEGER  shift 62
	READ_LINE  shift 63
	LITERAL  shift 64
	INSTANCEOF  shift 65
	VAR  shift 66
	'-'  shift 67
	'!'  shift 68
	'('  shift 69
	IDENTIFIER  reduce 42

	LValue  goto 91
	Expr  goto 178
	Call  goto 93
	Receiver  goto 86
	Constant  goto 87


state 166
	PrintStmt : PRINT '(' ExprList ')' .  (91)

	.  reduce 91


state 167
	Expr : INSTANCEOF '(' Expr ',' . IDENTIFIER ')'  (71)

	IDENTIFIER  shift 179
	.  error


state 168
	Expr : '(' CLASS IDENTIFIER ')' . Expr  (72)
	Receiver : .  (42)

	NULL  shift 53
	THIS  shift 54
	NEW  shift 60
	READ_INTEGER  shift 62
	READ_LINE  shift 63
	LITERAL  shift 64
	INSTANCEOF  shift 65
	VAR  shift 66
	'-'  shift 67
	'!'  shift 68
	'('  shift 69
	IDENTIFIER  reduce 42

	LValue  goto 91
	Expr  goto 180
	Call  goto 93
	Receiver  goto 86
	Constant  goto 87


state 169
	OCStmt : SCOPY '(' IDENTIFIER ',' . Expr ')'  (92)
	Receiver : .  (42)

	NULL  shift 53
	THIS  shift 54
	NEW  shift 60
	READ_INTEGER  shift 62
	READ_LINE  shift 63
	LITERAL  shift 64
	INSTANCEOF  shift 65
	VAR  shift 66
	'-'  shift 67
	'!'  shift 68
	'('  shift 69
	IDENTIFIER  reduce 42

	LValue  goto 91
	Expr  goto 181
	Call  goto 93
	Receiver  goto 86
	Constant  goto 87


state 170
	LValue : Expr '[' Expr ']' .  (44)
	Expr : Expr '[' Expr ']' . DEFAULT Expr  (76)

	DEFAULT  shift 182
	AND  reduce 44
	OR  reduce 44
	LESS_EQUAL  reduce 44
	GREATER_EQUAL  reduce 44
	EQUAL  reduce 44
	NOT_EQUAL  reduce 44
	'+'  reduce 44
	'-'  reduce 44
	'*'  reduce 44
	'/'  reduce 44
	'%'  reduce 44
	'='  reduce 44
	'>'  reduce 44
	'<'  reduce 44
	'.'  reduce 44
	','  reduce 44
	';'  reduce 44
	')'  reduce 44
	'['  reduce 44
	']'  reduce 44
	CONCAT  reduce 44
	SUBARRAY  reduce 44
	ARRAYREPEAT  reduce 44


state 171
	Expr : Expr '[' Expr SUBARRAY . Expr ']'  (75)
	Receiver : .  (42)

	NULL  shift 53
	THIS  shift 54
	NEW  shift 60
	READ_INTEGER  shift 62
	READ_LINE  shift 63
	LITERAL  shift 64
	INSTANCEOF  shift 65
	VAR  shift 66
	'-'  shift 67
	'!'  shift 68
	'('  shift 69
	IDENTIFIER  reduce 42

	LValue  goto 91
	Expr  goto 183
	Call  goto 93
	Receiver  goto 86
	Constant  goto 87


state 172
	Call : Receiver IDENTIFIER '(' Actuals . ')'  (46)

	')'  shift 184
	.  error


state 173
	Actuals : ExprList .  (79)
	ExprList : ExprList . ',' Expr  (81)

	','  shift 165
	')'  reduce 79


state 174
	WhileStmt : WHILE '(' Expr ')' Stmt .  (83)

	.  reduce 83


state 175
	Receiver : Expr . '.'  (41)
	LValue : Expr . '[' Expr ']'  (44)
	Expr : Expr . '+' Expr  (50)
	Expr : Expr . '-' Expr  (51)
	Expr : Expr . '*' Expr  (52)
	Expr : Expr . '/' Expr  (53)
	Expr : Expr . '%' Expr  (54)
	Expr : Expr . EQUAL Expr  (55)
	Expr : Expr . NOT_EQUAL Expr  (56)
	Expr : Expr . '<' Expr  (57)
	Expr : Expr . '>' Expr  (58)
	Expr : Expr . LESS_EQUAL Expr  (59)
	Expr : Expr . GREATER_EQUAL Expr  (60)
	Expr : Expr . AND Expr  (61)
	Expr : Expr . OR Expr  (62)
	Expr : Expr . ARRAYREPEAT Constant  (73)
	Expr : Expr . CONCAT Expr  (74)
	Expr : Expr . '[' Expr SUBARRAY Expr ']'  (75)
	Expr : Expr . '[' Expr ']' DEFAULT Expr  (76)
	ForStmt : FOR '(' SimpleStmt ';' Expr . ';' SimpleStmt ')' Stmt  (84)

	AND  shift 111
	OR  shift 112
	LESS_EQUAL  shift 113
	GREATER_EQUAL  shift 114
	EQUAL  shift 115
	NOT_EQUAL  shift 116
	'+'  shift 117
	'-'  shift 118
	'*'  shift 119
	'/'  shift 120
	'%'  shift 121
	'>'  shift 122
	'<'  shift 123
	'.'  shift 124
	';'  shift 185
	'['  shift 125
	CONCAT  shift 126
	ARRAYREPEAT  shift 127
	.  error


state 176
	IfStmt : IF '(' Expr ')' Stmt . ElseClause  (86)
	ElseClause : .  (88)

	ELSE  shift 186
	VOID  reduce 88
	BOOL  reduce 88
	INT  reduce 88
	STRING  reduce 88
	CLASS  reduce 88
	NULL  reduce 88
	THIS  reduce 88
	WHILE  reduce 88
	FOR  reduce 88
	IF  reduce 88
	RETURN  reduce 88
	BREAK  reduce 88
	NEW  reduce 88
	PRINT  reduce 88
	READ_INTEGER  reduce 88
	READ_LINE  reduce 88
	LITERAL  reduce 88
	IDENTIFIER  reduce 88
	INSTANCEOF  reduce 88
	VAR  reduce 88
	'-'  reduce 88
	';'  reduce 88
	'!'  reduce 88
	'('  reduce 88
	'{'  reduce 88
	'}'  reduce 88
	SCOPY  reduce 88

	ElseClause  goto 187


state 177
	Expr : NEW Type '[' Expr ']' .  (70)

	.  reduce 70


state 178
	Receiver : Expr . '.'  (41)
	LValue : Expr . '[' Expr ']'  (44)
	Expr : Expr . '+' Expr  (50)
	Expr : Expr . '-' Expr  (51)
	Expr : Expr . '*' Expr  (52)
	Expr : Expr . '/' Expr  (53)
	Expr : Expr . '%' Expr  (54)
	Expr : Expr . EQUAL Expr  (55)
	Expr : Expr . NOT_EQUAL Expr  (56)
	Expr : Expr . '<' Expr  (57)
	Expr : Expr . '>' Expr  (58)
	Expr : Expr . LESS_EQUAL Expr  (59)
	Expr : Expr . GREATER_EQUAL Expr  (60)
	Expr : Expr . AND Expr  (61)
	Expr : Expr . OR Expr  (62)
	Expr : Expr . ARRAYREPEAT Constant  (73)
	Expr : Expr . CONCAT Expr  (74)
	Expr : Expr . '[' Expr SUBARRAY Expr ']'  (75)
	Expr : Expr . '[' Expr ']' DEFAULT Expr  (76)
	ExprList : ExprList ',' Expr .  (81)

	AND  shift 111
	OR  shift 112
	LESS_EQUAL  shift 113
	GREATER_EQUAL  shift 114
	EQUAL  shift 115
	NOT_EQUAL  shift 116
	'+'  shift 117
	'-'  shift 118
	'*'  shift 119
	'/'  shift 120
	'%'  shift 121
	'>'  shift 122
	'<'  shift 123
	'.'  shift 124
	'['  shift 125
	CONCAT  shift 126
	ARRAYREPEAT  shift 127
	','  reduce 81
	')'  reduce 81


state 179
	Expr : INSTANCEOF '(' Expr ',' IDENTIFIER . ')'  (71)

	')'  shift 188
	.  error


state 180
	Receiver : Expr . '.'  (41)
	LValue : Expr . '[' Expr ']'  (44)
	Expr : Expr . '+' Expr  (50)
	Expr : Expr . '-' Expr  (51)
	Expr : Expr . '*' Expr  (52)
	Expr : Expr . '/' Expr  (53)
	Expr : Expr . '%' Expr  (54)
	Expr : Expr . EQUAL Expr  (55)
	Expr : Expr . NOT_EQUAL Expr  (56)
	Expr : Expr . '<' Expr  (57)
	Expr : Expr . '>' Expr  (58)
	Expr : Expr . LESS_EQUAL Expr  (59)
	Expr : Expr . GREATER_EQUAL Expr  (60)
	Expr : Expr . AND Expr  (61)
	Expr : Expr . OR Expr  (62)
	Expr : '(' CLASS IDENTIFIER ')' Expr .  (72)
	Expr : Expr . ARRAYREPEAT Constant  (73)
	Expr : Expr . CONCAT Expr  (74)
	Expr : Expr . '[' Expr SUBARRAY Expr ']'  (75)
	Expr : Expr . '[' Expr ']' DEFAULT Expr  (76)

	.  reduce 72


state 181
	Receiver : Expr . '.'  (41)
	LValue : Expr . '[' Expr ']'  (44)
	Expr : Expr . '+' Expr  (50)
	Expr : Expr . '-' Expr  (51)
	Expr : Expr . '*' Expr  (52)
	Expr : Expr . '/' Expr  (53)
	Expr : Expr . '%' Expr  (54)
	Expr : Expr . EQUAL Expr  (55)
	Expr : Expr . NOT_EQUAL Expr  (56)
	Expr : Expr . '<' Expr  (57)
	Expr : Expr . '>' Expr  (58)
	Expr : Expr . LESS_EQUAL Expr  (59)
	Expr : Expr . GREATER_EQUAL Expr  (60)
	Expr : Expr . AND Expr  (61)
	Expr : Expr . OR Expr  (62)
	Expr : Expr . ARRAYREPEAT Constant  (73)
	Expr : Expr . CONCAT Expr  (74)
	Expr : Expr . '[' Expr SUBARRAY Expr ']'  (75)
	Expr : Expr . '[' Expr ']' DEFAULT Expr  (76)
	OCStmt : SCOPY '(' IDENTIFIER ',' Expr . ')'  (92)

	AND  shift 111
	OR  shift 112
	LESS_EQUAL  shift 113
	GREATER_EQUAL  shift 114
	EQUAL  shift 115
	NOT_EQUAL  shift 116
	'+'  shift 117
	'-'  shift 118
	'*'  shift 119
	'/'  shift 120
	'%'  shift 121
	'>'  shift 122
	'<'  shift 123
	'.'  shift 124
	')'  shift 189
	'['  shift 125
	CONCAT  shift 126
	ARRAYREPEAT  shift 127
	.  error


state 182
	Expr : Expr '[' Expr ']' DEFAULT . Expr  (76)
	Receiver : .  (42)

	NULL  shift 53
	THIS  shift 54
	NEW  shift 60
	READ_INTEGER  shift 62
	READ_LINE  shift 63
	LITERAL  shift 64
	INSTANCEOF  shift 65
	VAR  shift 66
	'-'  shift 67
	'!'  shift 68
	'('  shift 69
	IDENTIFIER  reduce 42

	LValue  goto 91
	Expr  goto 190
	Call  goto 93
	Receiver  goto 86
	Constant  goto 87


state 183
	Receiver : Expr . '.'  (41)
	LValue : Expr . '[' Expr ']'  (44)
	Expr : Expr . '+' Expr  (50)
	Expr : Expr . '-' Expr  (51)
	Expr : Expr . '*' Expr  (52)
	Expr : Expr . '/' Expr  (53)
	Expr : Expr . '%' Expr  (54)
	Expr : Expr . EQUAL Expr  (55)
	Expr : Expr . NOT_EQUAL Expr  (56)
	Expr : Expr . '<' Expr  (57)
	Expr : Expr . '>' Expr  (58)
	Expr : Expr . LESS_EQUAL Expr  (59)
	Expr : Expr . GREATER_EQUAL Expr  (60)
	Expr : Expr . AND Expr  (61)
	Expr : Expr . OR Expr  (62)
	Expr : Expr . ARRAYREPEAT Constant  (73)
	Expr : Expr . CONCAT Expr  (74)
	Expr : Expr . '[' Expr SUBARRAY Expr ']'  (75)
	Expr : Expr '[' Expr SUBARRAY Expr . ']'  (75)
	Expr : Expr . '[' Expr ']' DEFAULT Expr  (76)

	AND  shift 111
	OR  shift 112
	LESS_EQUAL  shift 113
	GREATER_EQUAL  shift 114
	EQUAL  shift 115
	NOT_EQUAL  shift 116
	'+'  shift 117
	'-'  shift 118
	'*'  shift 119
	'/'  shift 120
	'%'  shift 121
	'>'  shift 122
	'<'  shift 123
	'.'  shift 124
	'['  shift 125
	']'  shift 191
	CONCAT  shift 126
	ARRAYREPEAT  shift 127
	.  error


state 184
	Call : Receiver IDENTIFIER '(' Actuals ')' .  (46)

	.  reduce 46


state 185
	ForStmt : FOR '(' SimpleStmt ';' Expr ';' . SimpleStmt ')' Stmt  (84)
	SimpleStmt : .  (40)
	Receiver : .  (42)

	NULL  shift 53
	THIS  shift 54
	NEW  shift 60
	READ_INTEGER  shift 62
	READ_LINE  shift 63
	LITERAL  shift 64
	INSTANCEOF  shift 65
	VAR  shift 66
	'-'  shift 67
	'!'  shift 68
	'('  shift 69
	IDENTIFIER  reduce 42
	')'  reduce 40

	SimpleStmt  goto 192
	LValue  goto 83
	Expr  goto 84
	Call  goto 85
	Receiver  goto 86
	Constant  goto 87


state 186
	ElseClause : ELSE . Stmt  (87)
	SimpleStmt : .  (40)
	Receiver : .  (42)

	VOID  shift 17
	BOOL  shift 18
	INT  shift 19
	STRING  shift 20
	CLASS  shift 21
	NULL  shift 53
	THIS  shift 54
	WHILE  shift 55
	FOR  shift 56
	IF  shift 57
	RETURN  shift 58
	BREAK  shift 59
	NEW  shift 60
	PRINT  shift 61
	READ_INTEGER  shift 62
	READ_LINE  shift 63
	LITERAL  shift 64
	INSTANCEOF  shift 65
	VAR  shift 66
	'-'  shift 67
	'!'  shift 68
	'('  shift 69
	'{'  shift 48
	SCOPY  shift 71
	IDENTIFIER  reduce 42
	';'  reduce 40

	VariableDef  goto 72
	Variable  goto 25
	Type  goto 40
	StmtBlock  goto 73
	Stmt  goto 193
	SimpleStmt  goto 75
	IfStmt  goto 76
	WhileStmt  goto 77
	ForStmt  goto 78
	ReturnStmt  goto 79
	PrintStmt  goto 80
	BreakStmt  goto 81
	OCStmt  goto 82
	LValue  goto 83
	Expr  goto 84
	Call  goto 85
	Receiver  goto 86
	Constant  goto 87


state 187
	IfStmt : IF '(' Expr ')' Stmt ElseClause .  (86)

	.  reduce 86


state 188
	Expr : INSTANCEOF '(' Expr ',' IDENTIFIER ')' .  (71)

	.  reduce 71


state 189
	OCStmt : SCOPY '(' IDENTIFIER ',' Expr ')' .  (92)

	.  reduce 92


190: shift/reduce conflict (shift 111, reduce 76) on AND
190: shift/reduce conflict (shift 112, reduce 76) on OR
190: shift/reduce conflict (shift 113, reduce 76) on LESS_EQUAL
190: shift/reduce conflict (shift 114, reduce 76) on GREATER_EQUAL
190: shift/reduce conflict (shift 115, reduce 76) on EQUAL
190: shift/reduce conflict (shift 116, reduce 76) on NOT_EQUAL
190: shift/reduce conflict (shift 117, reduce 76) on '+'
190: shift/reduce conflict (shift 118, reduce 76) on '-'
190: shift/reduce conflict (shift 119, reduce 76) on '*'
190: shift/reduce conflict (shift 120, reduce 76) on '/'
190: shift/reduce conflict (shift 121, reduce 76) on '%'
190: shift/reduce conflict (shift 122, reduce 76) on '>'
190: shift/reduce conflict (shift 123, reduce 76) on '<'
190: shift/reduce conflict (shift 124, reduce 76) on '.'
190: shift/reduce conflict (shift 125, reduce 76) on '['
190: shift/reduce conflict (shift 126, reduce 76) on CONCAT
190: shift/reduce conflict (shift 127, reduce 76) on ARRAYREPEAT
state 190
	Receiver : Expr . '.'  (41)
	LValue : Expr . '[' Expr ']'  (44)
	Expr : Expr . '+' Expr  (50)
	Expr : Expr . '-' Expr  (51)
	Expr : Expr . '*' Expr  (52)
	Expr : Expr . '/' Expr  (53)
	Expr : Expr . '%' Expr  (54)
	Expr : Expr . EQUAL Expr  (55)
	Expr : Expr . NOT_EQUAL Expr  (56)
	Expr : Expr . '<' Expr  (57)
	Expr : Expr . '>' Expr  (58)
	Expr : Expr . LESS_EQUAL Expr  (59)
	Expr : Expr . GREATER_EQUAL Expr  (60)
	Expr : Expr . AND Expr  (61)
	Expr : Expr . OR Expr  (62)
	Expr : Expr . ARRAYREPEAT Constant  (73)
	Expr : Expr . CONCAT Expr  (74)
	Expr : Expr . '[' Expr SUBARRAY Expr ']'  (75)
	Expr : Expr . '[' Expr ']' DEFAULT Expr  (76)
	Expr : Expr '[' Expr ']' DEFAULT Expr .  (76)

	AND  shift 111
	OR  shift 112
	LESS_EQUAL  shift 113
	GREATER_EQUAL  shift 114
	EQUAL  shift 115
	NOT_EQUAL  shift 116
	'+'  shift 117
	'-'  shift 118
	'*'  shift 119
	'/'  shift 120
	'%'  shift 121
	'>'  shift 122
	'<'  shift 123
	'.'  shift 124
	'['  shift 125
	CONCAT  shift 126
	ARRAYREPEAT  shift 127
	','  reduce 76
	';'  reduce 76
	')'  reduce 76
	']'  reduce 76
	SUBARRAY  reduce 76


state 191
	Expr : Expr '[' Expr SUBARRAY Expr ']' .  (75)

	.  reduce 75


state 192
	ForStmt : FOR '(' SimpleStmt ';' Expr ';' SimpleStmt . ')' Stmt  (84)

	')'  shift 194
	.  error


state 193
	ElseClause : ELSE Stmt .  (87)

	.  reduce 87


state 194
	ForStmt : FOR '(' SimpleStmt ';' Expr ';' SimpleStmt ')' . Stmt  (84)
	SimpleStmt : .  (40)
	Receiver : .  (42)

	VOID  shift 17
	BOOL  shift 18
	INT  shift 19
	STRING  shift 20
	CLASS  shift 21
	NULL  shift 53
	THIS  shift 54
	WHILE  shift 55
	FOR  shift 56
	IF  shift 57
	RETURN  shift 58
	BREAK  shift 59
	NEW  shift 60
	PRINT  shift 61
	READ_INTEGER  shift 62
	READ_LINE  shift 63
	LITERAL  shift 64
	INSTANCEOF  shift 65
	VAR  shift 66
	'-'  shift 67
	'!'  shift 68
	'('  shift 69
	'{'  shift 48
	SCOPY  shift 71
	IDENTIFIER  reduce 42
	';'  reduce 40

	VariableDef  goto 72
	Variable  goto 25
	Type  goto 40
	StmtBlock  goto 73
	Stmt  goto 195
	SimpleStmt  goto 75
	IfStmt  goto 76
	WhileStmt  goto 77
	ForStmt  goto 78
	ReturnStmt  goto 79
	PrintStmt  goto 80
	BreakStmt  goto 81
	OCStmt  goto 82
	LValue  goto 83
	Expr  goto 84
	Call  goto 85
	Receiver  goto 86
	Constant  goto 87


state 195
	ForStmt : FOR '(' SimpleStmt ';' Expr ';' SimpleStmt ')' Stmt .  (84)

	.  reduce 84


State 190 contains 17 shift/reduce conflicts.


58 terminals, 31 nonterminals
93 grammar rules, 196 states
